<?xml version='1.0' encoding='UTF-8'?>
<testsuite hostname="LAPTOP-GNME6O8B" name="SampleTests" tests="2" errors="0" failures="0" skipped="0" time="0.028" timestamp="2021-05-25T21:29:12">
                     <properties>
[...]
</properties>
                     <testcase classname="SampleTests" name="sample" time="0.028">
                                                 
                                               </testcase><testcase classname="SampleTests" name="sample2" time="0.0">
                                                 
                                               </testcase>
                     <system-out><![CDATA[]]></system-out>
                     <system-err><![CDATA[]]></system-err>
                   </testsuite>