[info] welcome to sbt 1.4.6 (AdoptOpenJDK Java 15.0.1)
[info] loading project definition from /assigns/jjf1027/GIT/3/project
[info] loading settings for project quadtree from build.sbt,project.sbt ...
[info] set current project to quadtree (in build file:/assigns/jjf1027/GIT/3/)
[success] Total time: 0 s, completed Jul 3, 2021, 7:54:24 AM
[info] compiling 10 Scala sources to /assigns/jjf1027/GIT/3/target/scala-2.13/classes ...
[info] Non-compiled module 'compiler-bridge_2.13' for Scala 2.13.6. Compiling...
[info]   Compilation completed in 11.425s.
[warn] /assigns/jjf1027/GIT/3/src/main/scala/quadtree/Space.scala:103:9: local var tl in method split is never updated: consider using immutable val
[warn]     var tl: Space = Space(minX, center._2 + 1, center._1, maxY)
[warn]         ^
[warn] /assigns/jjf1027/GIT/3/src/main/scala/quadtree/Space.scala:104:9: local var tr in method split is never updated: consider using immutable val
[warn]     var tr: Space = Space(center._1 + 1, center._2 + 1, maxX, maxY)
[warn]         ^
[warn] /assigns/jjf1027/GIT/3/src/main/scala/quadtree/Space.scala:105:9: local var bl in method split is never updated: consider using immutable val
[warn]     var bl: Space = Space(minX,minY,center._1,center._2)
[warn]         ^
[warn] /assigns/jjf1027/GIT/3/src/main/scala/quadtree/Space.scala:106:9: local var br in method split is never updated: consider using immutable val
[warn]     var br: Space = Space(center._1 + 1, minY, maxX, center._2)
[warn]         ^
[warn] four warnings found
[info] done compiling
[info] compiling 18 Scala sources to /assigns/jjf1027/GIT/3/target/scala-2.13/test-classes ...
[warn] /assigns/jjf1027/GIT/3/src/test/scala/grading/SampleSpaceTests.scala:26:25: adapted the argument list to the expected 2-tuple: add additional parens instead
[warn]         signature: Equalizer.===(rightSide: Any)(implicit equality: org.scalactic.Equality[L]): Boolean
[warn]   given arguments: 7, 0
[warn]  after adaptation: Equalizer.===((7, 0): (Int, Int))
[warn]     assert(point.center === (7, 0))
[warn]                         ^
[warn] /assigns/jjf1027/GIT/3/src/test/scala/grading/SampleSpaceTests.scala:27:24: adapted the argument list to the expected 2-tuple: add additional parens instead
[warn]         signature: Equalizer.===(rightSide: Any)(implicit equality: org.scalactic.Equality[L]): Boolean
[warn]   given arguments: 7, 0
[warn]  after adaptation: Equalizer.===((7, 0): (Int, Int))
[warn]     assert(line.center === (7, 0))
[warn]                        ^
[warn] /assigns/jjf1027/GIT/3/src/test/scala/grading/SampleSpaceTests.scala:28:25: adapted the argument list to the expected 2-tuple: add additional parens instead
[warn]         signature: Equalizer.===(rightSide: Any)(implicit equality: org.scalactic.Equality[L]): Boolean
[warn]   given arguments: 7, 0
[warn]  after adaptation: Equalizer.===((7, 0): (Int, Int))
[warn]     assert(point.center === (7, 0))
[warn]                         ^
[warn] /assigns/jjf1027/GIT/3/src/test/scala/grading/SpaceSuite.scala:13:25: adapted the argument list to the expected 2-tuple: add additional parens instead
[warn]         signature: Equalizer.===(rightSide: Any)(implicit equality: org.scalactic.Equality[L]): Boolean
[warn]   given arguments: 7, 5
[warn]  after adaptation: Equalizer.===((7, 5): (Int, Int))
[warn]     assert(space.center === (7, 5))
[warn]                         ^
[warn] /assigns/jjf1027/GIT/3/src/test/scala/grading/SampleCityTests.scala:7:48: trait Resources in package utils is deprecated (since 1.6.0): use TinyScalaUtils instead
[warn] class SampleCityTests extends AnyFunSuite with Resources {
[warn]                                                ^
[warn] 5 warnings found
[info] done compiling
[info] running (fork) grading.Grade 
SampleSpaceSuite:
- isEmpty [1pt] (40 milliseconds)
- center (2) [1pt] (5 milliseconds)
- split (2) [1pt] (39 milliseconds)
- split (3) [1pt] (2 milliseconds)
- contains (3) [1pt] (5 milliseconds)
- intersects (2) [1pt] (2 milliseconds)
- bounds (1) [3pts] (7 milliseconds)
SpaceSuite:
- center (1) [1pt] (2 milliseconds)
- split (1) [1pt] (2 milliseconds)
- split (4) [1pt] (1 millisecond)
- BL contains center [1pt] (2 milliseconds)
- contains (1) [1pt] (7 milliseconds)
- contains (2) [1pt] (1 millisecond)
- intersects (1) [1pt] (2 milliseconds)
- intersects (3) [1pt] (52 milliseconds)
- bounds (2) [1pt] *** FAILED *** (4 milliseconds)
  java.lang.UnsupportedOperationException: empty.min
  at scala.collection.IterableOnceOps.min(IterableOnce.scala:914)
  at scala.collection.IterableOnceOps.min$(IterableOnce.scala:912)
  at scala.collection.AbstractIterable.min(Iterable.scala:919)
  at quadtree.Space$.bounds(Space.scala:130)
  at grading.SpaceSuite.$anonfun$new$11(SpaceSuite.scala:75)
  at org.scalatest.OutcomeOf.outcomeOf(OutcomeOf.scala:85)
  at org.scalatest.OutcomeOf.outcomeOf$(OutcomeOf.scala:83)
  at org.scalatest.OutcomeOf$.outcomeOf(OutcomeOf.scala:104)
  at org.scalatest.Transformer.apply(Transformer.scala:22)
  at org.scalatest.Transformer.apply(Transformer.scala:20)
  ...
- various [5pts] (3 milliseconds)
SampleQuadTreeFigureSuite:
- apply (1) [3pts] *** FAILED *** (1 millisecond)
  scala.NotImplementedError: an implementation is missing
  at scala.Predef$.$qmark$qmark$qmark(Predef.scala:344)
  at quadtree.QuadTree$.apply(QuadTree.scala:189)
  at grading.SampleQuadTreeFigureTests.$anonfun$new$1(SampleQuadTreeFigureTests.scala:15)
  at org.scalatest.OutcomeOf.outcomeOf(OutcomeOf.scala:85)
  at org.scalatest.OutcomeOf.outcomeOf$(OutcomeOf.scala:83)
  at org.scalatest.OutcomeOf$.outcomeOf(OutcomeOf.scala:104)
  at org.scalatest.Transformer.apply(Transformer.scala:22)
  at org.scalatest.Transformer.apply(Transformer.scala:20)
  at org.scalatest.funsuite.AnyFunSuiteLike$$anon$1.apply(AnyFunSuiteLike.scala:190)
  at edu.unh.cs.mc.grading.RunnerFactory$$anon$1.$anonfun$apply$1(RunnerFactory.scala:33)
  ...
- size [2pts] (2 milliseconds)
- space [1pt] (1 millisecond)
- isEmpty [1pt] (1 millisecond)
- get (1) [2pts] *** FAILED *** (2 milliseconds)
  scala.NotImplementedError: an implementation is missing
  at scala.Predef$.$qmark$qmark$qmark(Predef.scala:344)
  at quadtree.QuadNode.get(QuadTree.scala:131)
  at grading.SampleQuadTreeFigureTests.$anonfun$new$5(SampleQuadTreeFigureTests.scala:38)
  at org.scalatest.OutcomeOf.outcomeOf(OutcomeOf.scala:85)
  at org.scalatest.OutcomeOf.outcomeOf$(OutcomeOf.scala:83)
  at org.scalatest.OutcomeOf$.outcomeOf(OutcomeOf.scala:104)
  at org.scalatest.Transformer.apply(Transformer.scala:22)
  at org.scalatest.Transformer.apply(Transformer.scala:20)
  at org.scalatest.funsuite.AnyFunSuiteLike$$anon$1.apply(AnyFunSuiteLike.scala:190)
  at edu.unh.cs.mc.grading.RunnerFactory$$anon$1.$anonfun$apply$1(RunnerFactory.scala:33)
  ...
- get (4) [3pts] *** FAILED *** (1 millisecond)
  scala.NotImplementedError: an implementation is missing
  at scala.Predef$.$qmark$qmark$qmark(Predef.scala:344)
  at quadtree.QuadNode.get(QuadTree.scala:132)
  at grading.SampleQuadTreeFigureTests.$anonfun$new$6(SampleQuadTreeFigureTests.scala:44)
  at org.scalatest.OutcomeOf.outcomeOf(OutcomeOf.scala:85)
  at org.scalatest.OutcomeOf.outcomeOf$(OutcomeOf.scala:83)
  at org.scalatest.OutcomeOf$.outcomeOf(OutcomeOf.scala:104)
  at org.scalatest.Transformer.apply(Transformer.scala:22)
  at org.scalatest.Transformer.apply(Transformer.scala:20)
  at org.scalatest.funsuite.AnyFunSuiteLike$$anon$1.apply(AnyFunSuiteLike.scala:190)
  at edu.unh.cs.mc.grading.RunnerFactory$$anon$1.$anonfun$apply$1(RunnerFactory.scala:33)
  ...
- getNearest (1) [2pts] *** FAILED *** (1 millisecond)
  scala.NotImplementedError: an implementation is missing
  at scala.Predef$.$qmark$qmark$qmark(Predef.scala:344)
  at quadtree.QuadNode.getNearest(QuadTree.scala:133)
  at grading.SampleQuadTreeFigureTests.$anonfun$new$7(SampleQuadTreeFigureTests.scala:50)
  at org.scalatest.OutcomeOf.outcomeOf(OutcomeOf.scala:85)
  at org.scalatest.OutcomeOf.outcomeOf$(OutcomeOf.scala:83)
  at org.scalatest.OutcomeOf$.outcomeOf(OutcomeOf.scala:104)
  at org.scalatest.Transformer.apply(Transformer.scala:22)
  at org.scalatest.Transformer.apply(Transformer.scala:20)
  at org.scalatest.funsuite.AnyFunSuiteLike$$anon$1.apply(AnyFunSuiteLike.scala:190)
  at edu.unh.cs.mc.grading.RunnerFactory$$anon$1.$anonfun$apply$1(RunnerFactory.scala:33)
  ...
- getNearest (2) [2pts] *** FAILED *** (1 millisecond)
  scala.NotImplementedError: an implementation is missing
  at scala.Predef$.$qmark$qmark$qmark(Predef.scala:344)
  at quadtree.QuadNode.getNearest(QuadTree.scala:133)
  at grading.SampleQuadTreeFigureTests.$anonfun$new$8(SampleQuadTreeFigureTests.scala:59)
  at org.scalatest.OutcomeOf.outcomeOf(OutcomeOf.scala:85)
  at org.scalatest.OutcomeOf.outcomeOf$(OutcomeOf.scala:83)
  at org.scalatest.OutcomeOf$.outcomeOf(OutcomeOf.scala:104)
  at org.scalatest.Transformer.apply(Transformer.scala:22)
  at org.scalatest.Transformer.apply(Transformer.scala:20)
  at org.scalatest.funsuite.AnyFunSuiteLike$$anon$1.apply(AnyFunSuiteLike.scala:190)
  at edu.unh.cs.mc.grading.RunnerFactory$$anon$1.$anonfun$apply$1(RunnerFactory.scala:33)
  ...
- getNearest (3) [2pts] *** FAILED *** (1 millisecond)
  scala.NotImplementedError: an implementation is missing
  at scala.Predef$.$qmark$qmark$qmark(Predef.scala:344)
  at quadtree.QuadNode.getNearest(QuadTree.scala:133)
  at grading.SampleQuadTreeFigureTests.$anonfun$new$9(SampleQuadTreeFigureTests.scala:68)
  at org.scalatest.OutcomeOf.outcomeOf(OutcomeOf.scala:85)
  at org.scalatest.OutcomeOf.outcomeOf$(OutcomeOf.scala:83)
  at org.scalatest.OutcomeOf$.outcomeOf(OutcomeOf.scala:104)
  at org.scalatest.Transformer.apply(Transformer.scala:22)
  at org.scalatest.Transformer.apply(Transformer.scala:20)
  at org.scalatest.funsuite.AnyFunSuiteLike$$anon$1.apply(AnyFunSuiteLike.scala:190)
  at edu.unh.cs.mc.grading.RunnerFactory$$anon$1.$anonfun$apply$1(RunnerFactory.scala:33)
  ...
- getWithin (1) [2pts] *** FAILED *** (1 millisecond)
  scala.NotImplementedError: an implementation is missing
  at scala.Predef$.$qmark$qmark$qmark(Predef.scala:344)
  at quadtree.QuadNode.getWithin(QuadTree.scala:134)
  at grading.SampleQuadTreeFigureTests.$anonfun$new$10(SampleQuadTreeFigureTests.scala:77)
  at org.scalatest.OutcomeOf.outcomeOf(OutcomeOf.scala:85)
  at org.scalatest.OutcomeOf.outcomeOf$(OutcomeOf.scala:83)
  at org.scalatest.OutcomeOf$.outcomeOf(OutcomeOf.scala:104)
  at org.scalatest.Transformer.apply(Transformer.scala:22)
  at org.scalatest.Transformer.apply(Transformer.scala:20)
  at org.scalatest.funsuite.AnyFunSuiteLike$$anon$1.apply(AnyFunSuiteLike.scala:190)
  at edu.unh.cs.mc.grading.RunnerFactory$$anon$1.$anonfun$apply$1(RunnerFactory.scala:33)
  ...
- toMap [2pts] (3 milliseconds)
- foreach [2pts] *** FAILED *** (2 milliseconds)
  scala.NotImplementedError: an implementation is missing
  at scala.Predef$.$qmark$qmark$qmark(Predef.scala:344)
  at quadtree.QuadNode.foreach(QuadTree.scala:141)
  at grading.SampleQuadTreeFigureTests.$anonfun$new$12(SampleQuadTreeFigureTests.scala:87)
  at org.scalatest.OutcomeOf.outcomeOf(OutcomeOf.scala:85)
  at org.scalatest.OutcomeOf.outcomeOf$(OutcomeOf.scala:83)
  at org.scalatest.OutcomeOf$.outcomeOf(OutcomeOf.scala:104)
  at org.scalatest.Transformer.apply(Transformer.scala:22)
  at org.scalatest.Transformer.apply(Transformer.scala:20)
  at org.scalatest.funsuite.AnyFunSuiteLike$$anon$1.apply(AnyFunSuiteLike.scala:190)
  at edu.unh.cs.mc.grading.RunnerFactory$$anon$1.$anonfun$apply$1(RunnerFactory.scala:33)
  ...
- filter [3pts] *** FAILED *** (2 milliseconds)
  scala.NotImplementedError: an implementation is missing
  at scala.Predef$.$qmark$qmark$qmark(Predef.scala:344)
  at quadtree.QuadNode.filter(QuadTree.scala:140)
  at grading.SampleQuadTreeFigureTests.$anonfun$new$14(SampleQuadTreeFigureTests.scala:92)
  at org.scalatest.OutcomeOf.outcomeOf(OutcomeOf.scala:85)
  at org.scalatest.OutcomeOf.outcomeOf$(OutcomeOf.scala:83)
  at org.scalatest.OutcomeOf$.outcomeOf(OutcomeOf.scala:104)
  at org.scalatest.Transformer.apply(Transformer.scala:22)
  at org.scalatest.Transformer.apply(Transformer.scala:20)
  at org.scalatest.funsuite.AnyFunSuiteLike$$anon$1.apply(AnyFunSuiteLike.scala:190)
  at edu.unh.cs.mc.grading.RunnerFactory$$anon$1.$anonfun$apply$1(RunnerFactory.scala:33)
  ...
- QuadTree map [3pts] *** FAILED *** (1 millisecond)
  scala.NotImplementedError: an implementation is missing
  at scala.Predef$.$qmark$qmark$qmark(Predef.scala:344)
  at quadtree.QuadNode.map(QuadTree.scala:139)
  at grading.SampleQuadTreeFigureTests.$anonfun$new$16(SampleQuadTreeFigureTests.scala:99)
  at org.scalatest.OutcomeOf.outcomeOf(OutcomeOf.scala:85)
  at org.scalatest.OutcomeOf.outcomeOf$(OutcomeOf.scala:83)
  at org.scalatest.OutcomeOf$.outcomeOf(OutcomeOf.scala:104)
  at org.scalatest.Transformer.apply(Transformer.scala:22)
  at org.scalatest.Transformer.apply(Transformer.scala:20)
  at org.scalatest.funsuite.AnyFunSuiteLike$$anon$1.apply(AnyFunSuiteLike.scala:190)
  at edu.unh.cs.mc.grading.RunnerFactory$$anon$1.$anonfun$apply$1(RunnerFactory.scala:33)
  ...
- add (1) [1pt] *** FAILED *** (4 milliseconds)
  Expected exception java.lang.IllegalArgumentException to be thrown, but scala.NotImplementedError was thrown (SampleQuadTreeFigureTests.scala:114)
- add (2) [2pts] *** FAILED *** (52 milliseconds)
  scala.NotImplementedError: an implementation is missing
  at scala.Predef$.$qmark$qmark$qmark(Predef.scala:344)
  at quadtree.QuadNode.add(QuadTree.scala:137)
  at grading.SampleQuadTreeFigureTests.$anonfun$new$20(SampleQuadTreeFigureTests.scala:121)
  at org.scalatest.OutcomeOf.outcomeOf(OutcomeOf.scala:85)
  at org.scalatest.OutcomeOf.outcomeOf$(OutcomeOf.scala:83)
  at org.scalatest.OutcomeOf$.outcomeOf(OutcomeOf.scala:104)
  at org.scalatest.Transformer.apply(Transformer.scala:22)
  at org.scalatest.Transformer.apply(Transformer.scala:20)
  at org.scalatest.funsuite.AnyFunSuiteLike$$anon$1.apply(AnyFunSuiteLike.scala:190)
  at edu.unh.cs.mc.grading.RunnerFactory$$anon$1.$anonfun$apply$1(RunnerFactory.scala:33)
  ...
- remove (1) [1pt] *** FAILED *** (2 milliseconds)
  scala.NotImplementedError: an implementation is missing
  at scala.Predef$.$qmark$qmark$qmark(Predef.scala:344)
  at quadtree.QuadNode.remove(QuadTree.scala:136)
  at grading.SampleQuadTreeFigureTests.$anonfun$new$21(SampleQuadTreeFigureTests.scala:128)
  at org.scalatest.OutcomeOf.outcomeOf(OutcomeOf.scala:85)
  at org.scalatest.OutcomeOf.outcomeOf$(OutcomeOf.scala:83)
  at org.scalatest.OutcomeOf$.outcomeOf(OutcomeOf.scala:104)
  at org.scalatest.Transformer.apply(Transformer.scala:22)
  at org.scalatest.Transformer.apply(Transformer.scala:20)
  at org.scalatest.funsuite.AnyFunSuiteLike$$anon$1.apply(AnyFunSuiteLike.scala:190)
  at edu.unh.cs.mc.grading.RunnerFactory$$anon$1.$anonfun$apply$1(RunnerFactory.scala:33)
  ...
- remove (3) [2pts] *** FAILED *** (1 millisecond)
  scala.NotImplementedError: an implementation is missing
  at scala.Predef$.$qmark$qmark$qmark(Predef.scala:344)
  at quadtree.QuadNode.remove(QuadTree.scala:136)
  at grading.SampleQuadTreeFigureTests.$anonfun$new$22(SampleQuadTreeFigureTests.scala:132)
  at org.scalatest.OutcomeOf.outcomeOf(OutcomeOf.scala:85)
  at org.scalatest.OutcomeOf.outcomeOf$(OutcomeOf.scala:83)
  at org.scalatest.OutcomeOf$.outcomeOf(OutcomeOf.scala:104)
  at org.scalatest.Transformer.apply(Transformer.scala:22)
  at org.scalatest.Transformer.apply(Transformer.scala:20)
  at org.scalatest.funsuite.AnyFunSuiteLike$$anon$1.apply(AnyFunSuiteLike.scala:190)
  at edu.unh.cs.mc.grading.RunnerFactory$$anon$1.$anonfun$apply$1(RunnerFactory.scala:33)
  ...
QuadTreeFigureSuite:
- get (2) [2pts] *** FAILED *** (2 milliseconds)
  scala.NotImplementedError: an implementation is missing
  at scala.Predef$.$qmark$qmark$qmark(Predef.scala:344)
  at quadtree.QuadNode.get(QuadTree.scala:131)
  at grading.QuadTreeFigureSuite.$anonfun$new$1(QuadTreeFigureSuite.scala:16)
  at org.scalatest.OutcomeOf.outcomeOf(OutcomeOf.scala:85)
  at org.scalatest.OutcomeOf.outcomeOf$(OutcomeOf.scala:83)
  at org.scalatest.OutcomeOf$.outcomeOf(OutcomeOf.scala:104)
  at org.scalatest.Transformer.apply(Transformer.scala:22)
  at org.scalatest.Transformer.apply(Transformer.scala:20)
  at org.scalatest.funsuite.AnyFunSuiteLike$$anon$1.apply(AnyFunSuiteLike.scala:190)
  at edu.unh.cs.mc.grading.RunnerFactory$$anon$1.$anonfun$apply$1(RunnerFactory.scala:33)
  ...
- get (3) [2pts] *** FAILED *** (1 millisecond)
  scala.NotImplementedError: an implementation is missing
  at scala.Predef$.$qmark$qmark$qmark(Predef.scala:344)
  at quadtree.QuadNode.get(QuadTree.scala:131)
  at grading.QuadTreeFigureSuite.$anonfun$new$2(QuadTreeFigureSuite.scala:22)
  at org.scalatest.OutcomeOf.outcomeOf(OutcomeOf.scala:85)
  at org.scalatest.OutcomeOf.outcomeOf$(OutcomeOf.scala:83)
  at org.scalatest.OutcomeOf$.outcomeOf(OutcomeOf.scala:104)
  at org.scalatest.Transformer.apply(Transformer.scala:22)
  at org.scalatest.Transformer.apply(Transformer.scala:20)
  at org.scalatest.funsuite.AnyFunSuiteLike$$anon$1.apply(AnyFunSuiteLike.scala:190)
  at edu.unh.cs.mc.grading.RunnerFactory$$anon$1.$anonfun$apply$1(RunnerFactory.scala:33)
  ...
- get (5) [3pts] *** FAILED *** (1 millisecond)
  scala.NotImplementedError: an implementation is missing
  at scala.Predef$.$qmark$qmark$qmark(Predef.scala:344)
  at quadtree.QuadNode.get(QuadTree.scala:132)
  at grading.QuadTreeFigureSuite.$anonfun$new$3(QuadTreeFigureSuite.scala:28)
  at org.scalatest.OutcomeOf.outcomeOf(OutcomeOf.scala:85)
  at org.scalatest.OutcomeOf.outcomeOf$(OutcomeOf.scala:83)
  at org.scalatest.OutcomeOf$.outcomeOf(OutcomeOf.scala:104)
  at org.scalatest.Transformer.apply(Transformer.scala:22)
  at org.scalatest.Transformer.apply(Transformer.scala:20)
  at org.scalatest.funsuite.AnyFunSuiteLike$$anon$1.apply(AnyFunSuiteLike.scala:190)
  at edu.unh.cs.mc.grading.RunnerFactory$$anon$1.$anonfun$apply$1(RunnerFactory.scala:33)
  ...
- get (6) [2pts] *** FAILED *** (1 millisecond)
  scala.NotImplementedError: an implementation is missing
  at scala.Predef$.$qmark$qmark$qmark(Predef.scala:344)
  at quadtree.QuadNode.get(QuadTree.scala:132)
  at grading.QuadTreeFigureSuite.$anonfun$new$4(QuadTreeFigureSuite.scala:34)
  at org.scalatest.OutcomeOf.outcomeOf(OutcomeOf.scala:85)
  at org.scalatest.OutcomeOf.outcomeOf$(OutcomeOf.scala:83)
  at org.scalatest.OutcomeOf$.outcomeOf(OutcomeOf.scala:104)
  at org.scalatest.Transformer.apply(Transformer.scala:22)
  at org.scalatest.Transformer.apply(Transformer.scala:20)
  at org.scalatest.funsuite.AnyFunSuiteLike$$anon$1.apply(AnyFunSuiteLike.scala:190)
  at edu.unh.cs.mc.grading.RunnerFactory$$anon$1.$anonfun$apply$1(RunnerFactory.scala:33)
  ...
- getNearest (4) [2pts] *** FAILED *** (1 millisecond)
  scala.NotImplementedError: an implementation is missing
  at scala.Predef$.$qmark$qmark$qmark(Predef.scala:344)
  at quadtree.QuadNode.getNearest(QuadTree.scala:133)
  at grading.QuadTreeFigureSuite.$anonfun$new$5(QuadTreeFigureSuite.scala:40)
  at org.scalatest.OutcomeOf.outcomeOf(OutcomeOf.scala:85)
  at org.scalatest.OutcomeOf.outcomeOf$(OutcomeOf.scala:83)
  at org.scalatest.OutcomeOf$.outcomeOf(OutcomeOf.scala:104)
  at org.scalatest.Transformer.apply(Transformer.scala:22)
  at org.scalatest.Transformer.apply(Transformer.scala:20)
  at org.scalatest.funsuite.AnyFunSuiteLike$$anon$1.apply(AnyFunSuiteLike.scala:190)
  at edu.unh.cs.mc.grading.RunnerFactory$$anon$1.$anonfun$apply$1(RunnerFactory.scala:33)
  ...
- getWithin (2) [2pts] *** FAILED *** (0 milliseconds)
  scala.NotImplementedError: an implementation is missing
  at scala.Predef$.$qmark$qmark$qmark(Predef.scala:344)
  at quadtree.QuadNode.getWithin(QuadTree.scala:134)
  at grading.QuadTreeFigureSuite.$anonfun$new$6(QuadTreeFigureSuite.scala:49)
  at org.scalatest.OutcomeOf.outcomeOf(OutcomeOf.scala:85)
  at org.scalatest.OutcomeOf.outcomeOf$(OutcomeOf.scala:83)
  at org.scalatest.OutcomeOf$.outcomeOf(OutcomeOf.scala:104)
  at org.scalatest.Transformer.apply(Transformer.scala:22)
  at org.scalatest.Transformer.apply(Transformer.scala:20)
  at org.scalatest.funsuite.AnyFunSuiteLike$$anon$1.apply(AnyFunSuiteLike.scala:190)
  at edu.unh.cs.mc.grading.RunnerFactory$$anon$1.$anonfun$apply$1(RunnerFactory.scala:33)
  ...
- add (3) [2pts] *** FAILED *** (0 milliseconds)
  scala.NotImplementedError: an implementation is missing
  at scala.Predef$.$qmark$qmark$qmark(Predef.scala:344)
  at quadtree.QuadNode.add(QuadTree.scala:137)
  at grading.QuadTreeFigureSuite.$anonfun$new$7(QuadTreeFigureSuite.scala:55)
  at org.scalatest.OutcomeOf.outcomeOf(OutcomeOf.scala:85)
  at org.scalatest.OutcomeOf.outcomeOf$(OutcomeOf.scala:83)
  at org.scalatest.OutcomeOf$.outcomeOf(OutcomeOf.scala:104)
  at org.scalatest.Transformer.apply(Transformer.scala:22)
  at org.scalatest.Transformer.apply(Transformer.scala:20)
  at org.scalatest.funsuite.AnyFunSuiteLike$$anon$1.apply(AnyFunSuiteLike.scala:190)
  at edu.unh.cs.mc.grading.RunnerFactory$$anon$1.$anonfun$apply$1(RunnerFactory.scala:33)
  ...
- add (4) [2pts] *** FAILED *** (0 milliseconds)
  scala.NotImplementedError: an implementation is missing
  at scala.Predef$.$qmark$qmark$qmark(Predef.scala:344)
  at quadtree.QuadNode.add(QuadTree.scala:137)
  at grading.QuadTreeFigureSuite.$anonfun$new$8(QuadTreeFigureSuite.scala:67)
  at org.scalatest.OutcomeOf.outcomeOf(OutcomeOf.scala:85)
  at org.scalatest.OutcomeOf.outcomeOf$(OutcomeOf.scala:83)
  at org.scalatest.OutcomeOf$.outcomeOf(OutcomeOf.scala:104)
  at org.scalatest.Transformer.apply(Transformer.scala:22)
  at org.scalatest.Transformer.apply(Transformer.scala:20)
  at org.scalatest.funsuite.AnyFunSuiteLike$$anon$1.apply(AnyFunSuiteLike.scala:190)
  at edu.unh.cs.mc.grading.RunnerFactory$$anon$1.$anonfun$apply$1(RunnerFactory.scala:33)
  ...
- add (5) [2pts] *** FAILED *** (0 milliseconds)
  scala.NotImplementedError: an implementation is missing
  at scala.Predef$.$qmark$qmark$qmark(Predef.scala:344)
  at quadtree.QuadNode.add(QuadTree.scala:137)
  at grading.QuadTreeFigureSuite.$anonfun$new$9(QuadTreeFigureSuite.scala:79)
  at org.scalatest.OutcomeOf.outcomeOf(OutcomeOf.scala:85)
  at org.scalatest.OutcomeOf.outcomeOf$(OutcomeOf.scala:83)
  at org.scalatest.OutcomeOf$.outcomeOf(OutcomeOf.scala:104)
  at org.scalatest.Transformer.apply(Transformer.scala:22)
  at org.scalatest.Transformer.apply(Transformer.scala:20)
  at org.scalatest.funsuite.AnyFunSuiteLike$$anon$1.apply(AnyFunSuiteLike.scala:190)
  at edu.unh.cs.mc.grading.RunnerFactory$$anon$1.$anonfun$apply$1(RunnerFactory.scala:33)
  ...
- remove (2) [1pt] *** FAILED *** (0 milliseconds)
  scala.NotImplementedError: an implementation is missing
  at scala.Predef$.$qmark$qmark$qmark(Predef.scala:344)
  at quadtree.QuadNode.remove(QuadTree.scala:136)
  at grading.QuadTreeFigureSuite.$anonfun$new$10(QuadTreeFigureSuite.scala:91)
  at org.scalatest.OutcomeOf.outcomeOf(OutcomeOf.scala:85)
  at org.scalatest.OutcomeOf.outcomeOf$(OutcomeOf.scala:83)
  at org.scalatest.OutcomeOf$.outcomeOf(OutcomeOf.scala:104)
  at org.scalatest.Transformer.apply(Transformer.scala:22)
  at org.scalatest.Transformer.apply(Transformer.scala:20)
  at org.scalatest.funsuite.AnyFunSuiteLike$$anon$1.apply(AnyFunSuiteLike.scala:190)
  at edu.unh.cs.mc.grading.RunnerFactory$$anon$1.$anonfun$apply$1(RunnerFactory.scala:33)
  ...
- remove (4) [2pts] *** FAILED *** (1 millisecond)
  scala.NotImplementedError: an implementation is missing
  at scala.Predef$.$qmark$qmark$qmark(Predef.scala:344)
  at quadtree.QuadNode.remove(QuadTree.scala:136)
  at grading.QuadTreeFigureSuite.$anonfun$new$11(QuadTreeFigureSuite.scala:95)
  at org.scalatest.OutcomeOf.outcomeOf(OutcomeOf.scala:85)
  at org.scalatest.OutcomeOf.outcomeOf$(OutcomeOf.scala:83)
  at org.scalatest.OutcomeOf$.outcomeOf(OutcomeOf.scala:104)
  at org.scalatest.Transformer.apply(Transformer.scala:22)
  at org.scalatest.Transformer.apply(Transformer.scala:20)
  at org.scalatest.funsuite.AnyFunSuiteLike$$anon$1.apply(AnyFunSuiteLike.scala:190)
  at edu.unh.cs.mc.grading.RunnerFactory$$anon$1.$anonfun$apply$1(RunnerFactory.scala:33)
  ...
- add (6) [3pts] *** FAILED *** (1 millisecond)
  scala.NotImplementedError: an implementation is missing
  at scala.Predef$.$qmark$qmark$qmark(Predef.scala:344)
  at quadtree.QuadLeaf.add(QuadTree.scala:164)
  at grading.QuadTreeFigureSuite.$anonfun$new$13(QuadTreeFigureSuite.scala:103)
  at scala.collection.LinearSeqOps.foldLeft(LinearSeq.scala:169)
  at scala.collection.LinearSeqOps.foldLeft$(LinearSeq.scala:165)
  at scala.collection.immutable.List.foldLeft(List.scala:79)
  at grading.QuadTreeFigureSuite.$anonfun$new$12(QuadTreeFigureSuite.scala:103)
  at org.scalatest.OutcomeOf.outcomeOf(OutcomeOf.scala:85)
  at org.scalatest.OutcomeOf.outcomeOf$(OutcomeOf.scala:83)
  at org.scalatest.OutcomeOf$.outcomeOf(OutcomeOf.scala:104)
  ...
- remove (5) [3pts] *** FAILED *** (1 millisecond)
  scala.NotImplementedError: an implementation is missing
  at scala.Predef$.$qmark$qmark$qmark(Predef.scala:344)
  at quadtree.QuadNode.remove(QuadTree.scala:136)
  at grading.QuadTreeFigureSuite.$anonfun$new$15(QuadTreeFigureSuite.scala:109)
  at scala.collection.LinearSeqOps.foldLeft(LinearSeq.scala:169)
  at scala.collection.LinearSeqOps.foldLeft$(LinearSeq.scala:165)
  at scala.collection.immutable.List.foldLeft(List.scala:79)
  at grading.QuadTreeFigureSuite.$anonfun$new$14(QuadTreeFigureSuite.scala:109)
  at org.scalatest.OutcomeOf.outcomeOf(OutcomeOf.scala:85)
  at org.scalatest.OutcomeOf.outcomeOf$(OutcomeOf.scala:83)
  at org.scalatest.OutcomeOf$.outcomeOf(OutcomeOf.scala:104)
  ...
- add (7) [3pts] *** FAILED *** (1 millisecond)
  scala.NotImplementedError: an implementation is missing
  at scala.Predef$.$qmark$qmark$qmark(Predef.scala:344)
  at quadtree.QuadLeaf.add(QuadTree.scala:164)
  at grading.QuadTreeFigureSuite.$anonfun$new$17(QuadTreeFigureSuite.scala:116)
  at scala.collection.LinearSeqOps.foldLeft(LinearSeq.scala:169)
  at scala.collection.LinearSeqOps.foldLeft$(LinearSeq.scala:165)
  at scala.collection.immutable.List.foldLeft(List.scala:79)
  at grading.QuadTreeFigureSuite.$anonfun$new$16(QuadTreeFigureSuite.scala:116)
  at org.scalatest.OutcomeOf.outcomeOf(OutcomeOf.scala:85)
  at org.scalatest.OutcomeOf.outcomeOf$(OutcomeOf.scala:83)
  at org.scalatest.OutcomeOf$.outcomeOf(OutcomeOf.scala:104)
  ...
SampleQuadTreeSuite:
- small structure [3pts] *** FAILED *** (19 milliseconds)
  scala.NotImplementedError: an implementation is missing
  at scala.Predef$.$qmark$qmark$qmark(Predef.scala:344)
  at quadtree.QuadTree$.apply(QuadTree.scala:189)
  at grading.SampleQuadTreeTests.q1$lzycompute(SampleQuadTreeTests.scala:16)
  at grading.SampleQuadTreeTests.q1(SampleQuadTreeTests.scala:16)
  at grading.SampleQuadTreeTests.$anonfun$new$1(SampleQuadTreeTests.scala:20)
  at scala.runtime.java8.JFunction0$mcV$sp.apply(JFunction0$mcV$sp.scala:18)
  at org.scalatest.OutcomeOf.outcomeOf(OutcomeOf.scala:85)
  at org.scalatest.OutcomeOf.outcomeOf$(OutcomeOf.scala:83)
  at org.scalatest.OutcomeOf$.outcomeOf(OutcomeOf.scala:104)
  at org.scalatest.Transformer.apply(Transformer.scala:22)
  ...
- small size [1pt] *** FAILED *** (1 millisecond)
  scala.NotImplementedError: an implementation is missing
  at scala.Predef$.$qmark$qmark$qmark(Predef.scala:344)
  at quadtree.QuadTree$.apply(QuadTree.scala:189)
  at grading.SampleQuadTreeTests.q1$lzycompute(SampleQuadTreeTests.scala:16)
  at grading.SampleQuadTreeTests.q1(SampleQuadTreeTests.scala:16)
  at grading.SampleQuadTreeTests.$anonfun$new$2(SampleQuadTreeTests.scala:51)
  at org.scalatest.OutcomeOf.outcomeOf(OutcomeOf.scala:85)
  at org.scalatest.OutcomeOf.outcomeOf$(OutcomeOf.scala:83)
  at org.scalatest.OutcomeOf$.outcomeOf(OutcomeOf.scala:104)
  at org.scalatest.Transformer.apply(Transformer.scala:22)
  at org.scalatest.Transformer.apply(Transformer.scala:20)
  ...
- small get [1pt] *** FAILED *** (47 milliseconds)
  scala.NotImplementedError: an implementation is missing
  at scala.Predef$.$qmark$qmark$qmark(Predef.scala:344)
  at quadtree.QuadTree$.apply(QuadTree.scala:189)
  at grading.SampleQuadTreeTests.q1$lzycompute(SampleQuadTreeTests.scala:16)
  at grading.SampleQuadTreeTests.q1(SampleQuadTreeTests.scala:16)
  at grading.SampleQuadTreeTests.$anonfun$new$3(SampleQuadTreeTests.scala:55)
  at org.scalatest.OutcomeOf.outcomeOf(OutcomeOf.scala:85)
  at org.scalatest.OutcomeOf.outcomeOf$(OutcomeOf.scala:83)
  at org.scalatest.OutcomeOf$.outcomeOf(OutcomeOf.scala:104)
  at org.scalatest.Transformer.apply(Transformer.scala:22)
  at org.scalatest.Transformer.apply(Transformer.scala:20)
  ...
- small toMap [1pt] *** FAILED *** (2 milliseconds)
  scala.NotImplementedError: an implementation is missing
  at scala.Predef$.$qmark$qmark$qmark(Predef.scala:344)
  at quadtree.QuadTree$.apply(QuadTree.scala:189)
  at grading.SampleQuadTreeTests.q1$lzycompute(SampleQuadTreeTests.scala:16)
  at grading.SampleQuadTreeTests.q1(SampleQuadTreeTests.scala:16)
  at grading.SampleQuadTreeTests.$anonfun$new$4(SampleQuadTreeTests.scala:61)
  at org.scalatest.OutcomeOf.outcomeOf(OutcomeOf.scala:85)
  at org.scalatest.OutcomeOf.outcomeOf$(OutcomeOf.scala:83)
  at org.scalatest.OutcomeOf$.outcomeOf(OutcomeOf.scala:104)
  at org.scalatest.Transformer.apply(Transformer.scala:22)
  at org.scalatest.Transformer.apply(Transformer.scala:20)
  ...
- small clearSpace [2pts] *** FAILED *** (1 millisecond)
  scala.NotImplementedError: an implementation is missing
  at scala.Predef$.$qmark$qmark$qmark(Predef.scala:344)
  at quadtree.QuadTree$.apply(QuadTree.scala:189)
  at grading.SampleQuadTreeTests.q1$lzycompute(SampleQuadTreeTests.scala:16)
  at grading.SampleQuadTreeTests.q1(SampleQuadTreeTests.scala:16)
  at grading.SampleQuadTreeTests.$anonfun$new$6(SampleQuadTreeTests.scala:65)
  at org.scalatest.OutcomeOf.outcomeOf(OutcomeOf.scala:85)
  at org.scalatest.OutcomeOf.outcomeOf$(OutcomeOf.scala:83)
  at org.scalatest.OutcomeOf$.outcomeOf(OutcomeOf.scala:104)
  at org.scalatest.Transformer.apply(Transformer.scala:22)
  at org.scalatest.Transformer.apply(Transformer.scala:20)
  ...
- small get space [2pts] *** FAILED *** (2 milliseconds)
  scala.NotImplementedError: an implementation is missing
  at scala.Predef$.$qmark$qmark$qmark(Predef.scala:344)
  at quadtree.QuadTree$.apply(QuadTree.scala:189)
  at grading.SampleQuadTreeTests.q1$lzycompute(SampleQuadTreeTests.scala:16)
  at grading.SampleQuadTreeTests.q1(SampleQuadTreeTests.scala:16)
  at grading.SampleQuadTreeTests.$anonfun$new$7(SampleQuadTreeTests.scala:72)
  at org.scalatest.OutcomeOf.outcomeOf(OutcomeOf.scala:85)
  at org.scalatest.OutcomeOf.outcomeOf$(OutcomeOf.scala:83)
  at org.scalatest.OutcomeOf$.outcomeOf(OutcomeOf.scala:104)
  at org.scalatest.Transformer.apply(Transformer.scala:22)
  at org.scalatest.Transformer.apply(Transformer.scala:20)
  ...
- small get within [2pts] *** FAILED *** (1 millisecond)
  scala.NotImplementedError: an implementation is missing
  at scala.Predef$.$qmark$qmark$qmark(Predef.scala:344)
  at quadtree.QuadTree$.apply(QuadTree.scala:189)
  at grading.SampleQuadTreeTests.q1$lzycompute(SampleQuadTreeTests.scala:16)
  at grading.SampleQuadTreeTests.q1(SampleQuadTreeTests.scala:16)
  at grading.SampleQuadTreeTests.$anonfun$new$8(SampleQuadTreeTests.scala:81)
  at org.scalatest.OutcomeOf.outcomeOf(OutcomeOf.scala:85)
  at org.scalatest.OutcomeOf.outcomeOf$(OutcomeOf.scala:83)
  at org.scalatest.OutcomeOf$.outcomeOf(OutcomeOf.scala:104)
  at org.scalatest.Transformer.apply(Transformer.scala:22)
  at org.scalatest.Transformer.apply(Transformer.scala:20)
  ...
- small get nearest [2pts] *** FAILED *** (1 millisecond)
  scala.NotImplementedError: an implementation is missing
  at scala.Predef$.$qmark$qmark$qmark(Predef.scala:344)
  at quadtree.QuadTree$.apply(QuadTree.scala:189)
  at grading.SampleQuadTreeTests.q1$lzycompute(SampleQuadTreeTests.scala:16)
  at grading.SampleQuadTreeTests.q1(SampleQuadTreeTests.scala:16)
  at grading.SampleQuadTreeTests.$anonfun$new$9(SampleQuadTreeTests.scala:90)
  at org.scalatest.OutcomeOf.outcomeOf(OutcomeOf.scala:85)
  at org.scalatest.OutcomeOf.outcomeOf$(OutcomeOf.scala:83)
  at org.scalatest.OutcomeOf$.outcomeOf(OutcomeOf.scala:104)
  at org.scalatest.Transformer.apply(Transformer.scala:22)
  at org.scalatest.Transformer.apply(Transformer.scala:20)
  ...
- small get nearest filter [3pts] *** FAILED *** (5 milliseconds)
  scala.NotImplementedError: an implementation is missing
  at scala.Predef$.$qmark$qmark$qmark(Predef.scala:344)
  at quadtree.QuadTree$.apply(QuadTree.scala:189)
  at grading.SampleQuadTreeTests.q1$lzycompute(SampleQuadTreeTests.scala:16)
  at grading.SampleQuadTreeTests.q1(SampleQuadTreeTests.scala:16)
  at grading.SampleQuadTreeTests.$anonfun$new$10(SampleQuadTreeTests.scala:95)
  at org.scalatest.OutcomeOf.outcomeOf(OutcomeOf.scala:85)
  at org.scalatest.OutcomeOf.outcomeOf$(OutcomeOf.scala:83)
  at org.scalatest.OutcomeOf$.outcomeOf(OutcomeOf.scala:104)
  at org.scalatest.Transformer.apply(Transformer.scala:22)
  at org.scalatest.Transformer.apply(Transformer.scala:20)
  ...
- small remove [2pts] *** FAILED *** (2 milliseconds)
  scala.NotImplementedError: an implementation is missing
  at scala.Predef$.$qmark$qmark$qmark(Predef.scala:344)
  at quadtree.QuadTree$.apply(QuadTree.scala:189)
  at grading.SampleQuadTreeTests.q1$lzycompute(SampleQuadTreeTests.scala:16)
  at grading.SampleQuadTreeTests.q1(SampleQuadTreeTests.scala:16)
  at grading.SampleQuadTreeTests.$anonfun$new$12(SampleQuadTreeTests.scala:101)
  at org.scalatest.OutcomeOf.outcomeOf(OutcomeOf.scala:85)
  at org.scalatest.OutcomeOf.outcomeOf$(OutcomeOf.scala:83)
  at org.scalatest.OutcomeOf$.outcomeOf(OutcomeOf.scala:104)
  at org.scalatest.Transformer.apply(Transformer.scala:22)
  at org.scalatest.Transformer.apply(Transformer.scala:20)
  ...
- small foreach [2pts] *** FAILED *** (1 millisecond)
  scala.NotImplementedError: an implementation is missing
  at scala.Predef$.$qmark$qmark$qmark(Predef.scala:344)
  at quadtree.QuadTree$.apply(QuadTree.scala:189)
  at grading.SampleQuadTreeTests.q1$lzycompute(SampleQuadTreeTests.scala:16)
  at grading.SampleQuadTreeTests.q1(SampleQuadTreeTests.scala:16)
  at grading.SampleQuadTreeTests.$anonfun$new$14(SampleQuadTreeTests.scala:107)
  at org.scalatest.OutcomeOf.outcomeOf(OutcomeOf.scala:85)
  at org.scalatest.OutcomeOf.outcomeOf$(OutcomeOf.scala:83)
  at org.scalatest.OutcomeOf$.outcomeOf(OutcomeOf.scala:104)
  at org.scalatest.Transformer.apply(Transformer.scala:22)
  at org.scalatest.Transformer.apply(Transformer.scala:20)
  ...
- small filter [2pts] *** FAILED *** (1 millisecond)
  scala.NotImplementedError: an implementation is missing
  at scala.Predef$.$qmark$qmark$qmark(Predef.scala:344)
  at quadtree.QuadTree$.apply(QuadTree.scala:189)
  at grading.SampleQuadTreeTests.q1$lzycompute(SampleQuadTreeTests.scala:16)
  at grading.SampleQuadTreeTests.q1(SampleQuadTreeTests.scala:16)
  at grading.SampleQuadTreeTests.$anonfun$new$16(SampleQuadTreeTests.scala:114)
  at scala.runtime.java8.JFunction0$mcV$sp.apply(JFunction0$mcV$sp.scala:18)
  at org.scalatest.OutcomeOf.outcomeOf(OutcomeOf.scala:85)
  at org.scalatest.OutcomeOf.outcomeOf$(OutcomeOf.scala:83)
  at org.scalatest.OutcomeOf$.outcomeOf(OutcomeOf.scala:104)
  at org.scalatest.Transformer.apply(Transformer.scala:22)
  ...
QuadTreeSuite:
- large structure [3pts] *** FAILED *** (101 milliseconds)
  scala.NotImplementedError: an implementation is missing
  at scala.Predef$.$qmark$qmark$qmark(Predef.scala:344)
  at quadtree.QuadTree$.apply(QuadTree.scala:189)
  at grading.QuadTreeSuite.q2$lzycompute(QuadTreeSuite.scala:17)
  at grading.QuadTreeSuite.q2(QuadTreeSuite.scala:17)
  at grading.QuadTreeSuite.$anonfun$new$1(QuadTreeSuite.scala:25)
  at scala.runtime.java8.JFunction0$mcV$sp.apply(JFunction0$mcV$sp.scala:18)
  at org.scalatest.OutcomeOf.outcomeOf(OutcomeOf.scala:85)
  at org.scalatest.OutcomeOf.outcomeOf$(OutcomeOf.scala:83)
  at org.scalatest.OutcomeOf$.outcomeOf(OutcomeOf.scala:104)
  at org.scalatest.Transformer.apply(Transformer.scala:22)
  ...
- large size [1pt] *** FAILED *** (1 millisecond)
  scala.NotImplementedError: an implementation is missing
  at scala.Predef$.$qmark$qmark$qmark(Predef.scala:344)
  at quadtree.QuadTree$.apply(QuadTree.scala:189)
  at grading.QuadTreeSuite.q2$lzycompute(QuadTreeSuite.scala:17)
  at grading.QuadTreeSuite.q2(QuadTreeSuite.scala:17)
  at grading.QuadTreeSuite.$anonfun$new$2(QuadTreeSuite.scala:96)
  at org.scalatest.OutcomeOf.outcomeOf(OutcomeOf.scala:85)
  at org.scalatest.OutcomeOf.outcomeOf$(OutcomeOf.scala:83)
  at org.scalatest.OutcomeOf$.outcomeOf(OutcomeOf.scala:104)
  at org.scalatest.Transformer.apply(Transformer.scala:22)
  at org.scalatest.Transformer.apply(Transformer.scala:20)
  ...
- huge size [1pt] *** FAILED *** (598 milliseconds)
  scala.NotImplementedError: an implementation is missing
  at scala.Predef$.$qmark$qmark$qmark(Predef.scala:344)
  at quadtree.QuadTree$.apply(QuadTree.scala:189)
  at grading.QuadTreeSuite.q3$lzycompute(QuadTreeSuite.scala:21)
  at grading.QuadTreeSuite.q3(QuadTreeSuite.scala:21)
  at grading.QuadTreeSuite.$anonfun$new$3(QuadTreeSuite.scala:100)
  at org.scalatest.OutcomeOf.outcomeOf(OutcomeOf.scala:85)
  at org.scalatest.OutcomeOf.outcomeOf$(OutcomeOf.scala:83)
  at org.scalatest.OutcomeOf$.outcomeOf(OutcomeOf.scala:104)
  at org.scalatest.Transformer.apply(Transformer.scala:22)
  at org.scalatest.Transformer.apply(Transformer.scala:20)
  ...
- large get [1pt] *** FAILED *** (1 millisecond)
  scala.NotImplementedError: an implementation is missing
  at scala.Predef$.$qmark$qmark$qmark(Predef.scala:344)
  at quadtree.QuadTree$.apply(QuadTree.scala:189)
  at grading.QuadTreeSuite.q2$lzycompute(QuadTreeSuite.scala:17)
  at grading.QuadTreeSuite.q2(QuadTreeSuite.scala:17)
  at grading.QuadTreeSuite.$anonfun$new$4(QuadTreeSuite.scala:104)
  at org.scalatest.OutcomeOf.outcomeOf(OutcomeOf.scala:85)
  at org.scalatest.OutcomeOf.outcomeOf$(OutcomeOf.scala:83)
  at org.scalatest.OutcomeOf$.outcomeOf(OutcomeOf.scala:104)
  at org.scalatest.Transformer.apply(Transformer.scala:22)
  at org.scalatest.Transformer.apply(Transformer.scala:20)
  ...
- huge get [1pt] *** FAILED *** (1 millisecond)
  scala.NotImplementedError: an implementation is missing
  at scala.Predef$.$qmark$qmark$qmark(Predef.scala:344)
  at quadtree.QuadTree$.apply(QuadTree.scala:189)
  at grading.QuadTreeSuite.q3$lzycompute(QuadTreeSuite.scala:21)
  at grading.QuadTreeSuite.q3(QuadTreeSuite.scala:21)
  at grading.QuadTreeSuite.$anonfun$new$5(QuadTreeSuite.scala:110)
  at org.scalatest.OutcomeOf.outcomeOf(OutcomeOf.scala:85)
  at org.scalatest.OutcomeOf.outcomeOf$(OutcomeOf.scala:83)
  at org.scalatest.OutcomeOf$.outcomeOf(OutcomeOf.scala:104)
  at org.scalatest.Transformer.apply(Transformer.scala:22)
  at org.scalatest.Transformer.apply(Transformer.scala:20)
  ...
- large toMap [1pt] *** FAILED *** (1 millisecond)
  scala.NotImplementedError: an implementation is missing
  at scala.Predef$.$qmark$qmark$qmark(Predef.scala:344)
  at quadtree.QuadTree$.apply(QuadTree.scala:189)
  at grading.QuadTreeSuite.q2$lzycompute(QuadTreeSuite.scala:17)
  at grading.QuadTreeSuite.q2(QuadTreeSuite.scala:17)
  at grading.QuadTreeSuite.$anonfun$new$6(QuadTreeSuite.scala:116)
  at org.scalatest.OutcomeOf.outcomeOf(OutcomeOf.scala:85)
  at org.scalatest.OutcomeOf.outcomeOf$(OutcomeOf.scala:83)
  at org.scalatest.OutcomeOf$.outcomeOf(OutcomeOf.scala:104)
  at org.scalatest.Transformer.apply(Transformer.scala:22)
  at org.scalatest.Transformer.apply(Transformer.scala:20)
  ...
- huge toMap [1pt] *** FAILED *** (1 millisecond)
  scala.NotImplementedError: an implementation is missing
  at scala.Predef$.$qmark$qmark$qmark(Predef.scala:344)
  at quadtree.QuadTree$.apply(QuadTree.scala:189)
  at grading.QuadTreeSuite.q3$lzycompute(QuadTreeSuite.scala:21)
  at grading.QuadTreeSuite.q3(QuadTreeSuite.scala:21)
  at grading.QuadTreeSuite.$anonfun$new$8(QuadTreeSuite.scala:120)
  at org.scalatest.OutcomeOf.outcomeOf(OutcomeOf.scala:85)
  at org.scalatest.OutcomeOf.outcomeOf$(OutcomeOf.scala:83)
  at org.scalatest.OutcomeOf$.outcomeOf(OutcomeOf.scala:104)
  at org.scalatest.Transformer.apply(Transformer.scala:22)
  at org.scalatest.Transformer.apply(Transformer.scala:20)
  ...
- large clearSpace [2pts] *** FAILED *** (1 millisecond)
  scala.NotImplementedError: an implementation is missing
  at scala.Predef$.$qmark$qmark$qmark(Predef.scala:344)
  at quadtree.QuadTree$.apply(QuadTree.scala:189)
  at grading.QuadTreeSuite.q2$lzycompute(QuadTreeSuite.scala:17)
  at grading.QuadTreeSuite.q2(QuadTreeSuite.scala:17)
  at grading.QuadTreeSuite.$anonfun$new$10(QuadTreeSuite.scala:124)
  at org.scalatest.OutcomeOf.outcomeOf(OutcomeOf.scala:85)
  at org.scalatest.OutcomeOf.outcomeOf$(OutcomeOf.scala:83)
  at org.scalatest.OutcomeOf$.outcomeOf(OutcomeOf.scala:104)
  at org.scalatest.Transformer.apply(Transformer.scala:22)
  at org.scalatest.Transformer.apply(Transformer.scala:20)
  ...
- huge clearSpace [2pts] *** FAILED *** (1 millisecond)
  scala.NotImplementedError: an implementation is missing
  at scala.Predef$.$qmark$qmark$qmark(Predef.scala:344)
  at quadtree.QuadTree$.apply(QuadTree.scala:189)
  at grading.QuadTreeSuite.q3$lzycompute(QuadTreeSuite.scala:21)
  at grading.QuadTreeSuite.q3(QuadTreeSuite.scala:21)
  at grading.QuadTreeSuite.$anonfun$new$11(QuadTreeSuite.scala:131)
  at org.scalatest.OutcomeOf.outcomeOf(OutcomeOf.scala:85)
  at org.scalatest.OutcomeOf.outcomeOf$(OutcomeOf.scala:83)
  at org.scalatest.OutcomeOf$.outcomeOf(OutcomeOf.scala:104)
  at org.scalatest.Transformer.apply(Transformer.scala:22)
  at org.scalatest.Transformer.apply(Transformer.scala:20)
  ...
- large get space [2pts] *** FAILED *** (1 millisecond)
  scala.NotImplementedError: an implementation is missing
  at scala.Predef$.$qmark$qmark$qmark(Predef.scala:344)
  at quadtree.QuadTree$.apply(QuadTree.scala:189)
  at grading.QuadTreeSuite.q2$lzycompute(QuadTreeSuite.scala:17)
  at grading.QuadTreeSuite.q2(QuadTreeSuite.scala:17)
  at grading.QuadTreeSuite.$anonfun$new$12(QuadTreeSuite.scala:138)
  at org.scalatest.OutcomeOf.outcomeOf(OutcomeOf.scala:85)
  at org.scalatest.OutcomeOf.outcomeOf$(OutcomeOf.scala:83)
  at org.scalatest.OutcomeOf$.outcomeOf(OutcomeOf.scala:104)
  at org.scalatest.Transformer.apply(Transformer.scala:22)
  at org.scalatest.Transformer.apply(Transformer.scala:20)
  ...
- huge get space [2pts] *** FAILED *** (1 millisecond)
  scala.NotImplementedError: an implementation is missing
  at scala.Predef$.$qmark$qmark$qmark(Predef.scala:344)
  at quadtree.QuadTree$.apply(QuadTree.scala:189)
  at grading.QuadTreeSuite.q3$lzycompute(QuadTreeSuite.scala:21)
  at grading.QuadTreeSuite.q3(QuadTreeSuite.scala:21)
  at grading.QuadTreeSuite.$anonfun$new$13(QuadTreeSuite.scala:142)
  at org.scalatest.OutcomeOf.outcomeOf(OutcomeOf.scala:85)
  at org.scalatest.OutcomeOf.outcomeOf$(OutcomeOf.scala:83)
  at org.scalatest.OutcomeOf$.outcomeOf(OutcomeOf.scala:104)
  at org.scalatest.Transformer.apply(Transformer.scala:22)
  at org.scalatest.Transformer.apply(Transformer.scala:20)
  ...
- large get within [2pts] *** FAILED *** (1 millisecond)
  scala.NotImplementedError: an implementation is missing
  at scala.Predef$.$qmark$qmark$qmark(Predef.scala:344)
  at quadtree.QuadTree$.apply(QuadTree.scala:189)
  at grading.QuadTreeSuite.q2$lzycompute(QuadTreeSuite.scala:17)
  at grading.QuadTreeSuite.q2(QuadTreeSuite.scala:17)
  at grading.QuadTreeSuite.$anonfun$new$14(QuadTreeSuite.scala:151)
  at org.scalatest.OutcomeOf.outcomeOf(OutcomeOf.scala:85)
  at org.scalatest.OutcomeOf.outcomeOf$(OutcomeOf.scala:83)
  at org.scalatest.OutcomeOf$.outcomeOf(OutcomeOf.scala:104)
  at org.scalatest.Transformer.apply(Transformer.scala:22)
  at org.scalatest.Transformer.apply(Transformer.scala:20)
  ...
- huge get within [2pts] *** FAILED *** (1 millisecond)
  scala.NotImplementedError: an implementation is missing
  at scala.Predef$.$qmark$qmark$qmark(Predef.scala:344)
  at quadtree.QuadTree$.apply(QuadTree.scala:189)
  at grading.QuadTreeSuite.q3$lzycompute(QuadTreeSuite.scala:21)
  at grading.QuadTreeSuite.q3(QuadTreeSuite.scala:21)
  at grading.QuadTreeSuite.$anonfun$new$15(QuadTreeSuite.scala:156)
  at org.scalatest.OutcomeOf.outcomeOf(OutcomeOf.scala:85)
  at org.scalatest.OutcomeOf.outcomeOf$(OutcomeOf.scala:83)
  at org.scalatest.OutcomeOf$.outcomeOf(OutcomeOf.scala:104)
  at org.scalatest.Transformer.apply(Transformer.scala:22)
  at org.scalatest.Transformer.apply(Transformer.scala:20)
  ...
- large get nearest filter [3pts] *** FAILED *** (1 millisecond)
  scala.NotImplementedError: an implementation is missing
  at scala.Predef$.$qmark$qmark$qmark(Predef.scala:344)
  at quadtree.QuadTree$.apply(QuadTree.scala:189)
  at grading.QuadTreeSuite.q2$lzycompute(QuadTreeSuite.scala:17)
  at grading.QuadTreeSuite.q2(QuadTreeSuite.scala:17)
  at grading.QuadTreeSuite.$anonfun$new$16(QuadTreeSuite.scala:161)
  at org.scalatest.OutcomeOf.outcomeOf(OutcomeOf.scala:85)
  at org.scalatest.OutcomeOf.outcomeOf$(OutcomeOf.scala:83)
  at org.scalatest.OutcomeOf$.outcomeOf(OutcomeOf.scala:104)
  at org.scalatest.Transformer.apply(Transformer.scala:22)
  at org.scalatest.Transformer.apply(Transformer.scala:20)
  ...
- huge get nearest filter [3pts] *** FAILED *** (1 millisecond)
  scala.NotImplementedError: an implementation is missing
  at scala.Predef$.$qmark$qmark$qmark(Predef.scala:344)
  at quadtree.QuadTree$.apply(QuadTree.scala:189)
  at grading.QuadTreeSuite.q3$lzycompute(QuadTreeSuite.scala:21)
  at grading.QuadTreeSuite.q3(QuadTreeSuite.scala:21)
  at grading.QuadTreeSuite.$anonfun$new$18(QuadTreeSuite.scala:170)
  at org.scalatest.OutcomeOf.outcomeOf(OutcomeOf.scala:85)
  at org.scalatest.OutcomeOf.outcomeOf$(OutcomeOf.scala:83)
  at org.scalatest.OutcomeOf$.outcomeOf(OutcomeOf.scala:104)
  at org.scalatest.Transformer.apply(Transformer.scala:22)
  at org.scalatest.Transformer.apply(Transformer.scala:20)
  ...
- large get nearest [2pts] *** FAILED *** (1 millisecond)
  scala.NotImplementedError: an implementation is missing
  at scala.Predef$.$qmark$qmark$qmark(Predef.scala:344)
  at quadtree.QuadTree$.apply(QuadTree.scala:189)
  at grading.QuadTreeSuite.q2$lzycompute(QuadTreeSuite.scala:17)
  at grading.QuadTreeSuite.q2(QuadTreeSuite.scala:17)
  at grading.QuadTreeSuite.$anonfun$new$20(QuadTreeSuite.scala:179)
  at org.scalatest.OutcomeOf.outcomeOf(OutcomeOf.scala:85)
  at org.scalatest.OutcomeOf.outcomeOf$(OutcomeOf.scala:83)
  at org.scalatest.OutcomeOf$.outcomeOf(OutcomeOf.scala:104)
  at org.scalatest.Transformer.apply(Transformer.scala:22)
  at org.scalatest.Transformer.apply(Transformer.scala:20)
  ...
- huge get nearest [2pts] *** FAILED *** (0 milliseconds)
  scala.NotImplementedError: an implementation is missing
  at scala.Predef$.$qmark$qmark$qmark(Predef.scala:344)
  at quadtree.QuadTree$.apply(QuadTree.scala:189)
  at grading.QuadTreeSuite.q3$lzycompute(QuadTreeSuite.scala:21)
  at grading.QuadTreeSuite.q3(QuadTreeSuite.scala:21)
  at grading.QuadTreeSuite.$anonfun$new$21(QuadTreeSuite.scala:184)
  at org.scalatest.OutcomeOf.outcomeOf(OutcomeOf.scala:85)
  at org.scalatest.OutcomeOf.outcomeOf$(OutcomeOf.scala:83)
  at org.scalatest.OutcomeOf$.outcomeOf(OutcomeOf.scala:104)
  at org.scalatest.Transformer.apply(Transformer.scala:22)
  at org.scalatest.Transformer.apply(Transformer.scala:20)
  ...
- large remove [2pts] *** FAILED *** (0 milliseconds)
  scala.NotImplementedError: an implementation is missing
  at scala.Predef$.$qmark$qmark$qmark(Predef.scala:344)
  at quadtree.QuadTree$.apply(QuadTree.scala:189)
  at grading.QuadTreeSuite.q2$lzycompute(QuadTreeSuite.scala:17)
  at grading.QuadTreeSuite.q2(QuadTreeSuite.scala:17)
  at grading.QuadTreeSuite.$anonfun$new$22(QuadTreeSuite.scala:189)
  at org.scalatest.OutcomeOf.outcomeOf(OutcomeOf.scala:85)
  at org.scalatest.OutcomeOf.outcomeOf$(OutcomeOf.scala:83)
  at org.scalatest.OutcomeOf$.outcomeOf(OutcomeOf.scala:104)
  at org.scalatest.Transformer.apply(Transformer.scala:22)
  at org.scalatest.Transformer.apply(Transformer.scala:20)
  ...
- huge remove [2pts] *** FAILED *** (0 milliseconds)
  scala.NotImplementedError: an implementation is missing
  at scala.Predef$.$qmark$qmark$qmark(Predef.scala:344)
  at quadtree.QuadTree$.apply(QuadTree.scala:189)
  at grading.QuadTreeSuite.q3$lzycompute(QuadTreeSuite.scala:21)
  at grading.QuadTreeSuite.q3(QuadTreeSuite.scala:21)
  at grading.QuadTreeSuite.$anonfun$new$24(QuadTreeSuite.scala:194)
  at org.scalatest.OutcomeOf.outcomeOf(OutcomeOf.scala:85)
  at org.scalatest.OutcomeOf.outcomeOf$(OutcomeOf.scala:83)
  at org.scalatest.OutcomeOf$.outcomeOf(OutcomeOf.scala:104)
  at org.scalatest.Transformer.apply(Transformer.scala:22)
  at org.scalatest.Transformer.apply(Transformer.scala:20)
  ...
- large foreach [2pts] *** FAILED *** (0 milliseconds)
  scala.NotImplementedError: an implementation is missing
  at scala.Predef$.$qmark$qmark$qmark(Predef.scala:344)
  at quadtree.QuadTree$.apply(QuadTree.scala:189)
  at grading.QuadTreeSuite.q2$lzycompute(QuadTreeSuite.scala:17)
  at grading.QuadTreeSuite.q2(QuadTreeSuite.scala:17)
  at grading.QuadTreeSuite.$anonfun$new$26(QuadTreeSuite.scala:200)
  at org.scalatest.OutcomeOf.outcomeOf(OutcomeOf.scala:85)
  at org.scalatest.OutcomeOf.outcomeOf$(OutcomeOf.scala:83)
  at org.scalatest.OutcomeOf$.outcomeOf(OutcomeOf.scala:104)
  at org.scalatest.Transformer.apply(Transformer.scala:22)
  at org.scalatest.Transformer.apply(Transformer.scala:20)
  ...
- huge foreach [2pts] *** FAILED *** (1 millisecond)
  scala.NotImplementedError: an implementation is missing
  at scala.Predef$.$qmark$qmark$qmark(Predef.scala:344)
  at quadtree.QuadTree$.apply(QuadTree.scala:189)
  at grading.QuadTreeSuite.q3$lzycompute(QuadTreeSuite.scala:21)
  at grading.QuadTreeSuite.q3(QuadTreeSuite.scala:21)
  at grading.QuadTreeSuite.$anonfun$new$28(QuadTreeSuite.scala:208)
  at org.scalatest.OutcomeOf.outcomeOf(OutcomeOf.scala:85)
  at org.scalatest.OutcomeOf.outcomeOf$(OutcomeOf.scala:83)
  at org.scalatest.OutcomeOf$.outcomeOf(OutcomeOf.scala:104)
  at org.scalatest.Transformer.apply(Transformer.scala:22)
  at org.scalatest.Transformer.apply(Transformer.scala:20)
  ...
- large filter [2pts] *** FAILED *** (1 millisecond)
  scala.NotImplementedError: an implementation is missing
  at scala.Predef$.$qmark$qmark$qmark(Predef.scala:344)
  at quadtree.QuadTree$.apply(QuadTree.scala:189)
  at grading.QuadTreeSuite.q2$lzycompute(QuadTreeSuite.scala:17)
  at grading.QuadTreeSuite.q2(QuadTreeSuite.scala:17)
  at grading.QuadTreeSuite.$anonfun$new$30(QuadTreeSuite.scala:215)
  at scala.runtime.java8.JFunction0$mcV$sp.apply(JFunction0$mcV$sp.scala:18)
  at org.scalatest.OutcomeOf.outcomeOf(OutcomeOf.scala:85)
  at org.scalatest.OutcomeOf.outcomeOf$(OutcomeOf.scala:83)
  at org.scalatest.OutcomeOf$.outcomeOf(OutcomeOf.scala:104)
  at org.scalatest.Transformer.apply(Transformer.scala:22)
  ...
- huge filter [2pts] *** FAILED *** (1 millisecond)
  scala.NotImplementedError: an implementation is missing
  at scala.Predef$.$qmark$qmark$qmark(Predef.scala:344)
  at quadtree.QuadTree$.apply(QuadTree.scala:189)
  at grading.QuadTreeSuite.q3$lzycompute(QuadTreeSuite.scala:21)
  at grading.QuadTreeSuite.q3(QuadTreeSuite.scala:21)
  at grading.QuadTreeSuite.$anonfun$new$32(QuadTreeSuite.scala:223)
  at scala.runtime.java8.JFunction0$mcV$sp.apply(JFunction0$mcV$sp.scala:18)
  at org.scalatest.OutcomeOf.outcomeOf(OutcomeOf.scala:85)
  at org.scalatest.OutcomeOf.outcomeOf$(OutcomeOf.scala:83)
  at org.scalatest.OutcomeOf$.outcomeOf(OutcomeOf.scala:104)
  at org.scalatest.Transformer.apply(Transformer.scala:22)
  ...
CitySuite:
- space *** FAILED *** (552 milliseconds)
  scala.NotImplementedError: an implementation is missing
  at scala.Predef$.$qmark$qmark$qmark(Predef.scala:344)
  at quadtree.QuadTree$.apply(QuadTree.scala:196)
  at grading.SampleCityTests.map$lzycompute(SampleCityTests.scala:19)
  at grading.SampleCityTests.map(SampleCityTests.scala:12)
  at grading.SampleCityTests.$anonfun$new$1(SampleCityTests.scala:27)
  at org.scalatest.OutcomeOf.outcomeOf(OutcomeOf.scala:85)
  at org.scalatest.OutcomeOf.outcomeOf$(OutcomeOf.scala:83)
  at org.scalatest.OutcomeOf$.outcomeOf(OutcomeOf.scala:104)
  at org.scalatest.Transformer.apply(Transformer.scala:22)
  at org.scalatest.Transformer.apply(Transformer.scala:20)
  ...
- nearest city (1) *** FAILED *** (122 milliseconds)
  scala.NotImplementedError: an implementation is missing
  at scala.Predef$.$qmark$qmark$qmark(Predef.scala:344)
  at quadtree.QuadTree$.apply(QuadTree.scala:196)
  at grading.SampleCityTests.map$lzycompute(SampleCityTests.scala:19)
  at grading.SampleCityTests.map(SampleCityTests.scala:12)
  at grading.SampleCityTests.app$lzycompute(SampleCityTests.scala:22)
  at grading.SampleCityTests.app(SampleCityTests.scala:22)
  at grading.SampleCityTests.$anonfun$new$2(SampleCityTests.scala:31)
  at org.scalatest.OutcomeOf.outcomeOf(OutcomeOf.scala:85)
  at org.scalatest.OutcomeOf.outcomeOf$(OutcomeOf.scala:83)
  at org.scalatest.OutcomeOf$.outcomeOf(OutcomeOf.scala:104)
  ...
- nearest city with pop (1) *** FAILED *** (234 milliseconds)
  scala.NotImplementedError: an implementation is missing
  at scala.Predef$.$qmark$qmark$qmark(Predef.scala:344)
  at quadtree.QuadTree$.apply(QuadTree.scala:196)
  at grading.SampleCityTests.map$lzycompute(SampleCityTests.scala:19)
  at grading.SampleCityTests.map(SampleCityTests.scala:12)
  at grading.SampleCityTests.app$lzycompute(SampleCityTests.scala:22)
  at grading.SampleCityTests.app(SampleCityTests.scala:22)
  at grading.SampleCityTests.$anonfun$new$3(SampleCityTests.scala:36)
  at org.scalatest.OutcomeOf.outcomeOf(OutcomeOf.scala:85)
  at org.scalatest.OutcomeOf.outcomeOf$(OutcomeOf.scala:83)
  at org.scalatest.OutcomeOf$.outcomeOf(OutcomeOf.scala:104)
  ...
- nearest city in state (1) *** FAILED *** (95 milliseconds)
  scala.NotImplementedError: an implementation is missing
  at scala.Predef$.$qmark$qmark$qmark(Predef.scala:344)
  at quadtree.QuadTree$.apply(QuadTree.scala:196)
  at grading.SampleCityTests.map$lzycompute(SampleCityTests.scala:19)
  at grading.SampleCityTests.map(SampleCityTests.scala:12)
  at grading.SampleCityTests.app$lzycompute(SampleCityTests.scala:22)
  at grading.SampleCityTests.app(SampleCityTests.scala:22)
  at grading.SampleCityTests.$anonfun$new$4(SampleCityTests.scala:41)
  at org.scalatest.OutcomeOf.outcomeOf(OutcomeOf.scala:85)
  at org.scalatest.OutcomeOf.outcomeOf$(OutcomeOf.scala:83)
  at org.scalatest.OutcomeOf$.outcomeOf(OutcomeOf.scala:104)
  ...
- all cities within (1) *** FAILED *** (79 milliseconds)
  scala.NotImplementedError: an implementation is missing
  at scala.Predef$.$qmark$qmark$qmark(Predef.scala:344)
  at quadtree.QuadTree$.apply(QuadTree.scala:196)
  at grading.SampleCityTests.map$lzycompute(SampleCityTests.scala:19)
  at grading.SampleCityTests.map(SampleCityTests.scala:12)
  at grading.SampleCityTests.app$lzycompute(SampleCityTests.scala:22)
  at grading.SampleCityTests.app(SampleCityTests.scala:22)
  at grading.SampleCityTests.$anonfun$new$5(SampleCityTests.scala:46)
  at org.scalatest.OutcomeOf.outcomeOf(OutcomeOf.scala:85)
  at org.scalatest.OutcomeOf.outcomeOf$(OutcomeOf.scala:83)
  at org.scalatest.OutcomeOf$.outcomeOf(OutcomeOf.scala:104)
  ...
- nearest city (2) *** FAILED *** (48 milliseconds)
  scala.NotImplementedError: an implementation is missing
  at scala.Predef$.$qmark$qmark$qmark(Predef.scala:344)
  at quadtree.QuadTree$.apply(QuadTree.scala:196)
  at grading.SampleCityTests.map$lzycompute(SampleCityTests.scala:19)
  at grading.SampleCityTests.map(SampleCityTests.scala:12)
  at grading.SampleCityTests.app$lzycompute(SampleCityTests.scala:22)
  at grading.SampleCityTests.app(SampleCityTests.scala:22)
  at grading.CitySuite.$anonfun$new$1(CitySuite.scala:10)
  at org.scalatest.OutcomeOf.outcomeOf(OutcomeOf.scala:85)
  at org.scalatest.OutcomeOf.outcomeOf$(OutcomeOf.scala:83)
  at org.scalatest.OutcomeOf$.outcomeOf(OutcomeOf.scala:104)
  ...
- nearest city with pop (2) *** FAILED *** (76 milliseconds)
  scala.NotImplementedError: an implementation is missing
  at scala.Predef$.$qmark$qmark$qmark(Predef.scala:344)
  at quadtree.QuadTree$.apply(QuadTree.scala:196)
  at grading.SampleCityTests.map$lzycompute(SampleCityTests.scala:19)
  at grading.SampleCityTests.map(SampleCityTests.scala:12)
  at grading.SampleCityTests.app$lzycompute(SampleCityTests.scala:22)
  at grading.SampleCityTests.app(SampleCityTests.scala:22)
  at grading.CitySuite.$anonfun$new$2(CitySuite.scala:15)
  at org.scalatest.OutcomeOf.outcomeOf(OutcomeOf.scala:85)
  at org.scalatest.OutcomeOf.outcomeOf$(OutcomeOf.scala:83)
  at org.scalatest.OutcomeOf$.outcomeOf(OutcomeOf.scala:104)
  ...
- nearest city in state (2) *** FAILED *** (38 milliseconds)
  scala.NotImplementedError: an implementation is missing
  at scala.Predef$.$qmark$qmark$qmark(Predef.scala:344)
  at quadtree.QuadTree$.apply(QuadTree.scala:196)
  at grading.SampleCityTests.map$lzycompute(SampleCityTests.scala:19)
  at grading.SampleCityTests.map(SampleCityTests.scala:12)
  at grading.SampleCityTests.app$lzycompute(SampleCityTests.scala:22)
  at grading.SampleCityTests.app(SampleCityTests.scala:22)
  at grading.CitySuite.$anonfun$new$3(CitySuite.scala:20)
  at org.scalatest.OutcomeOf.outcomeOf(OutcomeOf.scala:85)
  at org.scalatest.OutcomeOf.outcomeOf$(OutcomeOf.scala:83)
  at org.scalatest.OutcomeOf$.outcomeOf(OutcomeOf.scala:104)
  ...
- all cities within (2) *** FAILED *** (42 milliseconds)
  scala.NotImplementedError: an implementation is missing
  at scala.Predef$.$qmark$qmark$qmark(Predef.scala:344)
  at quadtree.QuadTree$.apply(QuadTree.scala:196)
  at grading.SampleCityTests.map$lzycompute(SampleCityTests.scala:19)
  at grading.SampleCityTests.map(SampleCityTests.scala:12)
  at grading.SampleCityTests.app$lzycompute(SampleCityTests.scala:22)
  at grading.SampleCityTests.app(SampleCityTests.scala:22)
  at grading.CitySuite.$anonfun$new$4(CitySuite.scala:25)
  at org.scalatest.OutcomeOf.outcomeOf(OutcomeOf.scala:85)
  at org.scalatest.OutcomeOf.outcomeOf$(OutcomeOf.scala:83)
  at org.scalatest.OutcomeOf$.outcomeOf(OutcomeOf.scala:104)
  ...
time: 2.6 seconds
grade: 12 / 100
[success] Total time: 52 s, completed Jul 3, 2021, 7:55:16 AM
