[info] welcome to sbt 1.4.6 (AdoptOpenJDK Java 15.0.1)
[info] loading project definition from /assigns/jjf1027/GIT/2/project
[info] loading settings for project polynomials from build.sbt,project.sbt ...
[info] set current project to polynomials (in build file:/assigns/jjf1027/GIT/2/)
[success] Total time: 0 s, completed Jul 22, 2021, 3:13:51 PM
[info] compiling 5 Scala sources to /assigns/jjf1027/GIT/2/target/scala-2.13/classes ...
[warn] /assigns/jjf1027/GIT/2/src/main/scala/cs671/polynomials/Polynomial.scala:27:42: match may not be exhaustive.
[warn] It would fail on the following inputs: S(_, _), X(_)
[warn]   def + (that: Polynomial): Polynomial = that match {
[warn]                                          ^
[warn] /assigns/jjf1027/GIT/2/src/main/scala/cs671/polynomials/Polynomial.scala:33:42: match may not be exhaustive.
[warn] It would fail on the following inputs: S(_, _), X(_)
[warn]   def * (that: Polynomial): Polynomial = that match {
[warn]                                          ^
[warn] two warnings found
[info] done compiling
[info] compiling 10 Scala sources to /assigns/jjf1027/GIT/2/target/scala-2.13/test-classes ...
[info] done compiling
[info] running (fork) grading.Grade 
PolynomialSuite:
- degree (63 milliseconds)
- eval (8 milliseconds)
- + *** FAILED *** (4 milliseconds)
  scala.NotImplementedError: an implementation is missing
  at scala.Predef$.$qmark$qmark$qmark(Predef.scala:344)
  at cs671.polynomials.S.$plus(Polynomial.scala:70)
  at grading.SamplePolynomialTests.$anonfun$new$3(SamplePolynomialTests.scala:23)
  at org.scalatest.OutcomeOf.outcomeOf(OutcomeOf.scala:85)
  at org.scalatest.OutcomeOf.outcomeOf$(OutcomeOf.scala:83)
  at org.scalatest.OutcomeOf$.outcomeOf(OutcomeOf.scala:104)
  at org.scalatest.Transformer.apply(Transformer.scala:22)
  at org.scalatest.Transformer.apply(Transformer.scala:20)
  at org.scalatest.funsuite.AnyFunSuiteLike$$anon$1.apply(AnyFunSuiteLike.scala:190)
  at edu.unh.cs.mc.grading.RunnerFactory$$anon$1.$anonfun$apply$1(RunnerFactory.scala:33)
  ...
- + Int (1 millisecond)
- - binary *** FAILED *** (1 millisecond)
  scala.NotImplementedError: an implementation is missing
  at scala.Predef$.$qmark$qmark$qmark(Predef.scala:344)
  at cs671.polynomials.S.$plus(Polynomial.scala:70)
  at cs671.polynomials.S.$minus(Polynomial.scala:75)
  at grading.SamplePolynomialTests.$anonfun$new$5(SamplePolynomialTests.scala:31)
  at org.scalatest.OutcomeOf.outcomeOf(OutcomeOf.scala:85)
  at org.scalatest.OutcomeOf.outcomeOf$(OutcomeOf.scala:83)
  at org.scalatest.OutcomeOf$.outcomeOf(OutcomeOf.scala:104)
  at org.scalatest.Transformer.apply(Transformer.scala:22)
  at org.scalatest.Transformer.apply(Transformer.scala:20)
  at org.scalatest.funsuite.AnyFunSuiteLike$$anon$1.apply(AnyFunSuiteLike.scala:190)
  ...
- - Int (1 millisecond)
- - unary (1 millisecond)
- * scalar *** FAILED *** (1 millisecond)
  scala.NotImplementedError: an implementation is missing
  at scala.Predef$.$qmark$qmark$qmark(Predef.scala:344)
  at cs671.polynomials.X.$times(Polynomial.scala:57)
  at grading.SamplePolynomialTests.$anonfun$new$8(SamplePolynomialTests.scala:43)
  at org.scalatest.OutcomeOf.outcomeOf(OutcomeOf.scala:85)
  at org.scalatest.OutcomeOf.outcomeOf$(OutcomeOf.scala:83)
  at org.scalatest.OutcomeOf$.outcomeOf(OutcomeOf.scala:104)
  at org.scalatest.Transformer.apply(Transformer.scala:22)
  at org.scalatest.Transformer.apply(Transformer.scala:20)
  at org.scalatest.funsuite.AnyFunSuiteLike$$anon$1.apply(AnyFunSuiteLike.scala:190)
  at edu.unh.cs.mc.grading.RunnerFactory$$anon$1.$anonfun$apply$1(RunnerFactory.scala:33)
  ...
- * polynomial *** FAILED *** (1 millisecond)
  scala.NotImplementedError: an implementation is missing
  at scala.Predef$.$qmark$qmark$qmark(Predef.scala:344)
  at cs671.polynomials.S.$times(Polynomial.scala:80)
  at grading.SamplePolynomialTests.$anonfun$new$9(SamplePolynomialTests.scala:47)
  at org.scalatest.OutcomeOf.outcomeOf(OutcomeOf.scala:85)
  at org.scalatest.OutcomeOf.outcomeOf$(OutcomeOf.scala:83)
  at org.scalatest.OutcomeOf$.outcomeOf(OutcomeOf.scala:104)
  at org.scalatest.Transformer.apply(Transformer.scala:22)
  at org.scalatest.Transformer.apply(Transformer.scala:20)
  at org.scalatest.funsuite.AnyFunSuiteLike$$anon$1.apply(AnyFunSuiteLike.scala:190)
  at edu.unh.cs.mc.grading.RunnerFactory$$anon$1.$anonfun$apply$1(RunnerFactory.scala:33)
  ...
- @@ *** FAILED *** (1 millisecond)
  scala.NotImplementedError: an implementation is missing
  at scala.Predef$.$qmark$qmark$qmark(Predef.scala:344)
  at cs671.polynomials.X.$times(Polynomial.scala:56)
  at cs671.polynomials.X.$at$at(Polynomial.scala:61)
  at cs671.polynomials.X.$at$at(Polynomial.scala:61)
  at cs671.polynomials.X.$at$at(Polynomial.scala:61)
  at grading.SamplePolynomialTests.$anonfun$new$10(SamplePolynomialTests.scala:51)
  at org.scalatest.OutcomeOf.outcomeOf(OutcomeOf.scala:85)
  at org.scalatest.OutcomeOf.outcomeOf$(OutcomeOf.scala:83)
  at org.scalatest.OutcomeOf$.outcomeOf(OutcomeOf.scala:104)
  at org.scalatest.Transformer.apply(Transformer.scala:22)
  ...
- derivative *** FAILED *** (1 millisecond)
  scala.MatchError: X(C(0)) (of class cs671.polynomials.X)
  at cs671.polynomials.C.$plus(Polynomial.scala:27)
  at cs671.polynomials.X.derivative(Polynomial.scala:64)
  at cs671.polynomials.X.derivative(Polynomial.scala:64)
  at cs671.polynomials.S.derivative(Polynomial.scala:88)
  at cs671.polynomials.S.derivative(Polynomial.scala:88)
  at cs671.polynomials.S.derivative(Polynomial.scala:88)
  at grading.SamplePolynomialTests.$anonfun$new$11(SamplePolynomialTests.scala:55)
  at org.scalatest.OutcomeOf.outcomeOf(OutcomeOf.scala:85)
  at org.scalatest.OutcomeOf.outcomeOf$(OutcomeOf.scala:83)
  at org.scalatest.OutcomeOf$.outcomeOf(OutcomeOf.scala:104)
  ...
- friendly syntax 1 *** FAILED *** (1 millisecond)
  scala.NotImplementedError: an implementation is missing
  at scala.Predef$.$qmark$qmark$qmark(Predef.scala:344)
  at cs671.polynomials.S.$times(Polynomial.scala:80)
  at cs671.polynomials.S.$at$at(Polynomial.scala:85)
  at cs671.polynomials.S.$at$at(Polynomial.scala:85)
  at cs671.polynomials.S.$at$at(Polynomial.scala:85)
  at cs671.polynomials.S.$at$at(Polynomial.scala:85)
  at cs671.polynomials.S.$at$at(Polynomial.scala:85)
  at grading.SamplePolynomialTests.$anonfun$new$12(SamplePolynomialTests.scala:59)
  at org.scalatest.OutcomeOf.outcomeOf(OutcomeOf.scala:85)
  at org.scalatest.OutcomeOf.outcomeOf$(OutcomeOf.scala:83)
  ...
- friendly syntax 2 *** FAILED *** (1 millisecond)
  scala.NotImplementedError: an implementation is missing
  at scala.Predef$.$qmark$qmark$qmark(Predef.scala:344)
  at cs671.polynomials.S.$times(Polynomial.scala:80)
  at cs671.polynomials.S.$at$at(Polynomial.scala:85)
  at cs671.polynomials.S.$at$at(Polynomial.scala:85)
  at cs671.polynomials.S.$at$at(Polynomial.scala:85)
  at grading.SamplePolynomialTests.$anonfun$new$13(SamplePolynomialTests.scala:63)
  at org.scalatest.OutcomeOf.outcomeOf(OutcomeOf.scala:85)
  at org.scalatest.OutcomeOf.outcomeOf$(OutcomeOf.scala:83)
  at org.scalatest.OutcomeOf$.outcomeOf(OutcomeOf.scala:104)
  at org.scalatest.Transformer.apply(Transformer.scala:22)
  ...
- simplification *** FAILED *** (0 milliseconds)
  scala.NotImplementedError: an implementation is missing
  at scala.Predef$.$qmark$qmark$qmark(Predef.scala:344)
  at cs671.polynomials.S.$times(Polynomial.scala:80)
  at cs671.polynomials.S.$at$at(Polynomial.scala:85)
  at cs671.polynomials.S.$at$at(Polynomial.scala:85)
  at cs671.polynomials.S.$at$at(Polynomial.scala:85)
  at cs671.polynomials.S.$at$at(Polynomial.scala:85)
  at cs671.polynomials.S.$at$at(Polynomial.scala:85)
  at grading.SamplePolynomialTests.$anonfun$new$14(SamplePolynomialTests.scala:67)
  at org.scalatest.OutcomeOf.outcomeOf(OutcomeOf.scala:85)
  at org.scalatest.OutcomeOf.outcomeOf$(OutcomeOf.scala:83)
  ...
- exceptions (1 millisecond)
- constants (0 milliseconds)
- p1 *** FAILED *** (0 milliseconds)
  scala.NotImplementedError: an implementation is missing
  at scala.Predef$.$qmark$qmark$qmark(Predef.scala:344)
  at cs671.polynomials.S.$times(Polynomial.scala:81)
  at cs671.polynomials.package$PolynomialIntWrapper$.$times$extension(package.scala:22)
  at grading.PolynomialSuite.p3$lzycompute(PolynomialSuite.scala:32)
  at grading.PolynomialSuite.p3(PolynomialSuite.scala:32)
  at grading.PolynomialSuite.$anonfun$new$1(PolynomialSuite.scala:37)
  at org.scalatest.OutcomeOf.outcomeOf(OutcomeOf.scala:85)
  at org.scalatest.OutcomeOf.outcomeOf$(OutcomeOf.scala:83)
  at org.scalatest.OutcomeOf$.outcomeOf(OutcomeOf.scala:104)
  at org.scalatest.Transformer.apply(Transformer.scala:22)
  ...
- p2 *** FAILED *** (1 millisecond)
  scala.NotImplementedError: an implementation is missing
  at scala.Predef$.$qmark$qmark$qmark(Predef.scala:344)
  at cs671.polynomials.S.$times(Polynomial.scala:80)
  at cs671.polynomials.S.$at$at(Polynomial.scala:85)
  at cs671.polynomials.S.$at$at(Polynomial.scala:85)
  at cs671.polynomials.S.$at$at(Polynomial.scala:85)
  at grading.PolynomialSuite.p4$lzycompute(PolynomialSuite.scala:33)
  at grading.PolynomialSuite.p4(PolynomialSuite.scala:33)
  at grading.PolynomialSuite.$anonfun$new$2(PolynomialSuite.scala:41)
  at org.scalatest.OutcomeOf.outcomeOf(OutcomeOf.scala:85)
  at org.scalatest.OutcomeOf.outcomeOf$(OutcomeOf.scala:83)
  ...
- p3 *** FAILED *** (0 milliseconds)
  scala.NotImplementedError: an implementation is missing
  at scala.Predef$.$qmark$qmark$qmark(Predef.scala:344)
  at cs671.polynomials.S.$times(Polynomial.scala:80)
  at grading.PolynomialSuite.p5$lzycompute(PolynomialSuite.scala:34)
  at grading.PolynomialSuite.p5(PolynomialSuite.scala:34)
  at grading.PolynomialSuite.$anonfun$new$3(PolynomialSuite.scala:45)
  at org.scalatest.OutcomeOf.outcomeOf(OutcomeOf.scala:85)
  at org.scalatest.OutcomeOf.outcomeOf$(OutcomeOf.scala:83)
  at org.scalatest.OutcomeOf$.outcomeOf(OutcomeOf.scala:104)
  at org.scalatest.Transformer.apply(Transformer.scala:22)
  at org.scalatest.Transformer.apply(Transformer.scala:20)
  ...
- 5 * x @@ 5 *** FAILED *** (48 milliseconds)
  scala.NotImplementedError: an implementation is missing
  at scala.Predef$.$qmark$qmark$qmark(Predef.scala:344)
  at cs671.polynomials.S.$times(Polynomial.scala:80)
  at cs671.polynomials.S.$at$at(Polynomial.scala:85)
  at cs671.polynomials.S.$at$at(Polynomial.scala:85)
  at cs671.polynomials.S.$at$at(Polynomial.scala:85)
  at cs671.polynomials.S.$at$at(Polynomial.scala:85)
  at cs671.polynomials.S.$at$at(Polynomial.scala:85)
  at grading.PolynomialSuite.$anonfun$new$4(PolynomialSuite.scala:49)
  at org.scalatest.OutcomeOf.outcomeOf(OutcomeOf.scala:85)
  at org.scalatest.OutcomeOf.outcomeOf$(OutcomeOf.scala:83)
  ...
- 5 * x @@ 5 + 5 *** FAILED *** (1 millisecond)
  scala.NotImplementedError: an implementation is missing
  at scala.Predef$.$qmark$qmark$qmark(Predef.scala:344)
  at cs671.polynomials.S.$times(Polynomial.scala:80)
  at cs671.polynomials.S.$at$at(Polynomial.scala:85)
  at cs671.polynomials.S.$at$at(Polynomial.scala:85)
  at cs671.polynomials.S.$at$at(Polynomial.scala:85)
  at cs671.polynomials.S.$at$at(Polynomial.scala:85)
  at cs671.polynomials.S.$at$at(Polynomial.scala:85)
  at grading.PolynomialSuite.$anonfun$new$5(PolynomialSuite.scala:53)
  at org.scalatest.OutcomeOf.outcomeOf(OutcomeOf.scala:85)
  at org.scalatest.OutcomeOf.outcomeOf$(OutcomeOf.scala:83)
  ...
- eval 1 (1 millisecond)
- eval 2 *** FAILED *** (1 millisecond)
  scala.NotImplementedError: an implementation is missing
  at scala.Predef$.$qmark$qmark$qmark(Predef.scala:344)
  at cs671.polynomials.S.$times(Polynomial.scala:81)
  at cs671.polynomials.package$PolynomialIntWrapper$.$times$extension(package.scala:22)
  at grading.PolynomialSuite.p3$lzycompute(PolynomialSuite.scala:32)
  at grading.PolynomialSuite.p3(PolynomialSuite.scala:32)
  at grading.PolynomialSuite.$anonfun$new$7(PolynomialSuite.scala:61)
  at org.scalatest.OutcomeOf.outcomeOf(OutcomeOf.scala:85)
  at org.scalatest.OutcomeOf.outcomeOf$(OutcomeOf.scala:83)
  at org.scalatest.OutcomeOf$.outcomeOf(OutcomeOf.scala:104)
  at org.scalatest.Transformer.apply(Transformer.scala:22)
  ...
- eval 3 *** FAILED *** (1 millisecond)
  scala.NotImplementedError: an implementation is missing
  at scala.Predef$.$qmark$qmark$qmark(Predef.scala:344)
  at cs671.polynomials.S.$times(Polynomial.scala:80)
  at cs671.polynomials.S.$at$at(Polynomial.scala:85)
  at cs671.polynomials.S.$at$at(Polynomial.scala:85)
  at cs671.polynomials.S.$at$at(Polynomial.scala:85)
  at grading.PolynomialSuite.p4$lzycompute(PolynomialSuite.scala:33)
  at grading.PolynomialSuite.p4(PolynomialSuite.scala:33)
  at grading.PolynomialSuite.$anonfun$new$8(PolynomialSuite.scala:65)
  at org.scalatest.OutcomeOf.outcomeOf(OutcomeOf.scala:85)
  at org.scalatest.OutcomeOf.outcomeOf$(OutcomeOf.scala:83)
  ...
- eval 4 *** FAILED *** (0 milliseconds)
  scala.NotImplementedError: an implementation is missing
  at scala.Predef$.$qmark$qmark$qmark(Predef.scala:344)
  at cs671.polynomials.S.$times(Polynomial.scala:80)
  at grading.PolynomialSuite.p5$lzycompute(PolynomialSuite.scala:34)
  at grading.PolynomialSuite.p5(PolynomialSuite.scala:34)
  at grading.PolynomialSuite.$anonfun$new$9(PolynomialSuite.scala:69)
  at org.scalatest.OutcomeOf.outcomeOf(OutcomeOf.scala:85)
  at org.scalatest.OutcomeOf.outcomeOf$(OutcomeOf.scala:83)
  at org.scalatest.OutcomeOf$.outcomeOf(OutcomeOf.scala:104)
  at org.scalatest.Transformer.apply(Transformer.scala:22)
  at org.scalatest.Transformer.apply(Transformer.scala:20)
  ...
- eval 5 *** FAILED *** (0 milliseconds)
  scala.NotImplementedError: an implementation is missing
  at scala.Predef$.$qmark$qmark$qmark(Predef.scala:344)
  at cs671.polynomials.S.$times(Polynomial.scala:80)
  at grading.PolynomialSuite.p5$lzycompute(PolynomialSuite.scala:34)
  at grading.PolynomialSuite.p5(PolynomialSuite.scala:34)
  at grading.PolynomialSuite.$anonfun$new$10(PolynomialSuite.scala:73)
  at org.scalatest.OutcomeOf.outcomeOf(OutcomeOf.scala:85)
  at org.scalatest.OutcomeOf.outcomeOf$(OutcomeOf.scala:83)
  at org.scalatest.OutcomeOf$.outcomeOf(OutcomeOf.scala:104)
  at org.scalatest.Transformer.apply(Transformer.scala:22)
  at org.scalatest.Transformer.apply(Transformer.scala:20)
  ...
- eval 6 *** FAILED *** (0 milliseconds)
  scala.NotImplementedError: an implementation is missing
  at scala.Predef$.$qmark$qmark$qmark(Predef.scala:344)
  at cs671.polynomials.S.$times(Polynomial.scala:80)
  at grading.PolynomialSuite.p5$lzycompute(PolynomialSuite.scala:34)
  at grading.PolynomialSuite.p5(PolynomialSuite.scala:34)
  at grading.PolynomialSuite.$anonfun$new$11(PolynomialSuite.scala:77)
  at org.scalatest.OutcomeOf.outcomeOf(OutcomeOf.scala:85)
  at org.scalatest.OutcomeOf.outcomeOf$(OutcomeOf.scala:83)
  at org.scalatest.OutcomeOf$.outcomeOf(OutcomeOf.scala:104)
  at org.scalatest.Transformer.apply(Transformer.scala:22)
  at org.scalatest.Transformer.apply(Transformer.scala:20)
  ...
- eval 7 *** FAILED *** (0 milliseconds)
  scala.NotImplementedError: an implementation is missing
  at scala.Predef$.$qmark$qmark$qmark(Predef.scala:344)
  at cs671.polynomials.S.$times(Polynomial.scala:80)
  at grading.PolynomialSuite.p5$lzycompute(PolynomialSuite.scala:34)
  at grading.PolynomialSuite.p5(PolynomialSuite.scala:34)
  at grading.PolynomialSuite.$anonfun$new$12(PolynomialSuite.scala:81)
  at org.scalatest.OutcomeOf.outcomeOf(OutcomeOf.scala:85)
  at org.scalatest.OutcomeOf.outcomeOf$(OutcomeOf.scala:83)
  at org.scalatest.OutcomeOf$.outcomeOf(OutcomeOf.scala:104)
  at org.scalatest.Transformer.apply(Transformer.scala:22)
  at org.scalatest.Transformer.apply(Transformer.scala:20)
  ...
- eval 8 *** FAILED *** (0 milliseconds)
  scala.NotImplementedError: an implementation is missing
  at scala.Predef$.$qmark$qmark$qmark(Predef.scala:344)
  at cs671.polynomials.S.$times(Polynomial.scala:80)
  at grading.PolynomialSuite.p5$lzycompute(PolynomialSuite.scala:34)
  at grading.PolynomialSuite.p5(PolynomialSuite.scala:34)
  at grading.PolynomialSuite.$anonfun$new$13(PolynomialSuite.scala:85)
  at org.scalatest.OutcomeOf.outcomeOf(OutcomeOf.scala:85)
  at org.scalatest.OutcomeOf.outcomeOf$(OutcomeOf.scala:83)
  at org.scalatest.OutcomeOf$.outcomeOf(OutcomeOf.scala:104)
  at org.scalatest.Transformer.apply(Transformer.scala:22)
  at org.scalatest.Transformer.apply(Transformer.scala:20)
  ...
- eval 9 *** FAILED *** (1 millisecond)
  scala.NotImplementedError: an implementation is missing
  at scala.Predef$.$qmark$qmark$qmark(Predef.scala:344)
  at cs671.polynomials.S.$times(Polynomial.scala:80)
  at grading.PolynomialSuite.p5$lzycompute(PolynomialSuite.scala:34)
  at grading.PolynomialSuite.p5(PolynomialSuite.scala:34)
  at grading.PolynomialSuite.$anonfun$new$14(PolynomialSuite.scala:89)
  at org.scalatest.OutcomeOf.outcomeOf(OutcomeOf.scala:85)
  at org.scalatest.OutcomeOf.outcomeOf$(OutcomeOf.scala:83)
  at org.scalatest.OutcomeOf$.outcomeOf(OutcomeOf.scala:104)
  at org.scalatest.Transformer.apply(Transformer.scala:22)
  at org.scalatest.Transformer.apply(Transformer.scala:20)
  ...
- eval 10 *** FAILED *** (1 millisecond)
  scala.NotImplementedError: an implementation is missing
  at scala.Predef$.$qmark$qmark$qmark(Predef.scala:344)
  at cs671.polynomials.S.$times(Polynomial.scala:80)
  at cs671.polynomials.S.$at$at(Polynomial.scala:85)
  at cs671.polynomials.S.$at$at(Polynomial.scala:85)
  at cs671.polynomials.S.$at$at(Polynomial.scala:85)
  at cs671.polynomials.S.$at$at(Polynomial.scala:85)
  at cs671.polynomials.S.$at$at(Polynomial.scala:85)
  at cs671.polynomials.S.$at$at(Polynomial.scala:85)
  at cs671.polynomials.S.$at$at(Polynomial.scala:85)
  at cs671.polynomials.S.$at$at(Polynomial.scala:85)
  ...
- degree 1 (1 millisecond)
- degree 2 (1 millisecond)
- degree 3 *** FAILED *** (1 millisecond)
  scala.NotImplementedError: an implementation is missing
  at scala.Predef$.$qmark$qmark$qmark(Predef.scala:344)
  at cs671.polynomials.S.$times(Polynomial.scala:81)
  at cs671.polynomials.package$PolynomialIntWrapper$.$times$extension(package.scala:22)
  at grading.PolynomialSuite.p3$lzycompute(PolynomialSuite.scala:32)
  at grading.PolynomialSuite.p3(PolynomialSuite.scala:32)
  at grading.PolynomialSuite.$anonfun$new$18(PolynomialSuite.scala:105)
  at org.scalatest.OutcomeOf.outcomeOf(OutcomeOf.scala:85)
  at org.scalatest.OutcomeOf.outcomeOf$(OutcomeOf.scala:83)
  at org.scalatest.OutcomeOf$.outcomeOf(OutcomeOf.scala:104)
  at org.scalatest.Transformer.apply(Transformer.scala:22)
  ...
- degree 4 *** FAILED *** (1 millisecond)
  scala.NotImplementedError: an implementation is missing
  at scala.Predef$.$qmark$qmark$qmark(Predef.scala:344)
  at cs671.polynomials.S.$times(Polynomial.scala:80)
  at cs671.polynomials.S.$at$at(Polynomial.scala:85)
  at cs671.polynomials.S.$at$at(Polynomial.scala:85)
  at cs671.polynomials.S.$at$at(Polynomial.scala:85)
  at grading.PolynomialSuite.p4$lzycompute(PolynomialSuite.scala:33)
  at grading.PolynomialSuite.p4(PolynomialSuite.scala:33)
  at grading.PolynomialSuite.$anonfun$new$19(PolynomialSuite.scala:109)
  at org.scalatest.OutcomeOf.outcomeOf(OutcomeOf.scala:85)
  at org.scalatest.OutcomeOf.outcomeOf$(OutcomeOf.scala:83)
  ...
- degree 5 *** FAILED *** (1 millisecond)
  scala.NotImplementedError: an implementation is missing
  at scala.Predef$.$qmark$qmark$qmark(Predef.scala:344)
  at cs671.polynomials.S.$times(Polynomial.scala:80)
  at grading.PolynomialSuite.p5$lzycompute(PolynomialSuite.scala:34)
  at grading.PolynomialSuite.p5(PolynomialSuite.scala:34)
  at grading.PolynomialSuite.$anonfun$new$20(PolynomialSuite.scala:113)
  at org.scalatest.OutcomeOf.outcomeOf(OutcomeOf.scala:85)
  at org.scalatest.OutcomeOf.outcomeOf$(OutcomeOf.scala:83)
  at org.scalatest.OutcomeOf$.outcomeOf(OutcomeOf.scala:104)
  at org.scalatest.Transformer.apply(Transformer.scala:22)
  at org.scalatest.Transformer.apply(Transformer.scala:20)
  ...
- degree 6 *** FAILED *** (1 millisecond)
  scala.NotImplementedError: an implementation is missing
  at scala.Predef$.$qmark$qmark$qmark(Predef.scala:344)
  at cs671.polynomials.S.$times(Polynomial.scala:80)
  at cs671.polynomials.S.$at$at(Polynomial.scala:85)
  at cs671.polynomials.S.$at$at(Polynomial.scala:85)
  at cs671.polynomials.S.$at$at(Polynomial.scala:85)
  at cs671.polynomials.S.$at$at(Polynomial.scala:85)
  at cs671.polynomials.S.$at$at(Polynomial.scala:85)
  at cs671.polynomials.S.$at$at(Polynomial.scala:85)
  at cs671.polynomials.S.$at$at(Polynomial.scala:85)
  at cs671.polynomials.S.$at$at(Polynomial.scala:85)
  ...
- * zero 1 *** FAILED *** (0 milliseconds)
  scala.NotImplementedError: an implementation is missing
  at scala.Predef$.$qmark$qmark$qmark(Predef.scala:344)
  at cs671.polynomials.S.$times(Polynomial.scala:81)
  at grading.PolynomialSuite.$anonfun$new$22(PolynomialSuite.scala:121)
  at org.scalatest.OutcomeOf.outcomeOf(OutcomeOf.scala:85)
  at org.scalatest.OutcomeOf.outcomeOf$(OutcomeOf.scala:83)
  at org.scalatest.OutcomeOf$.outcomeOf(OutcomeOf.scala:104)
  at org.scalatest.Transformer.apply(Transformer.scala:22)
  at org.scalatest.Transformer.apply(Transformer.scala:20)
  at org.scalatest.funsuite.AnyFunSuiteLike$$anon$1.apply(AnyFunSuiteLike.scala:190)
  at edu.unh.cs.mc.grading.RunnerFactory$$anon$1.$anonfun$apply$1(RunnerFactory.scala:33)
  ...
- * zero 2 *** FAILED *** (0 milliseconds)
  scala.NotImplementedError: an implementation is missing
  at scala.Predef$.$qmark$qmark$qmark(Predef.scala:344)
  at cs671.polynomials.S.$times(Polynomial.scala:80)
  at grading.PolynomialSuite.$anonfun$new$23(PolynomialSuite.scala:125)
  at org.scalatest.OutcomeOf.outcomeOf(OutcomeOf.scala:85)
  at org.scalatest.OutcomeOf.outcomeOf$(OutcomeOf.scala:83)
  at org.scalatest.OutcomeOf$.outcomeOf(OutcomeOf.scala:104)
  at org.scalatest.Transformer.apply(Transformer.scala:22)
  at org.scalatest.Transformer.apply(Transformer.scala:20)
  at org.scalatest.funsuite.AnyFunSuiteLike$$anon$1.apply(AnyFunSuiteLike.scala:190)
  at edu.unh.cs.mc.grading.RunnerFactory$$anon$1.$anonfun$apply$1(RunnerFactory.scala:33)
  ...
- * zero 3 *** FAILED *** (1 millisecond)
  scala.MatchError: S(0,C(1)) (of class cs671.polynomials.S)
  at cs671.polynomials.C.$times(Polynomial.scala:33)
  at grading.PolynomialSuite.$anonfun$new$24(PolynomialSuite.scala:129)
  at org.scalatest.OutcomeOf.outcomeOf(OutcomeOf.scala:85)
  at org.scalatest.OutcomeOf.outcomeOf$(OutcomeOf.scala:83)
  at org.scalatest.OutcomeOf$.outcomeOf(OutcomeOf.scala:104)
  at org.scalatest.Transformer.apply(Transformer.scala:22)
  at org.scalatest.Transformer.apply(Transformer.scala:20)
  at org.scalatest.funsuite.AnyFunSuiteLike$$anon$1.apply(AnyFunSuiteLike.scala:190)
  at edu.unh.cs.mc.grading.RunnerFactory$$anon$1.$anonfun$apply$1(RunnerFactory.scala:33)
  at java.base/java.lang.Thread.run(Thread.java:832)
  ...
- * zero 4 *** FAILED *** (1 millisecond)
  scala.NotImplementedError: an implementation is missing
  at scala.Predef$.$qmark$qmark$qmark(Predef.scala:344)
  at cs671.polynomials.S.$times(Polynomial.scala:80)
  at cs671.polynomials.S.$at$at(Polynomial.scala:85)
  at cs671.polynomials.S.$at$at(Polynomial.scala:85)
  at cs671.polynomials.S.$at$at(Polynomial.scala:85)
  at grading.PolynomialSuite.p4$lzycompute(PolynomialSuite.scala:33)
  at grading.PolynomialSuite.p4(PolynomialSuite.scala:33)
  at grading.PolynomialSuite.$anonfun$new$25(PolynomialSuite.scala:133)
  at org.scalatest.OutcomeOf.outcomeOf(OutcomeOf.scala:85)
  at org.scalatest.OutcomeOf.outcomeOf$(OutcomeOf.scala:83)
  ...
- * zero 5 *** FAILED *** (0 milliseconds)
  scala.NotImplementedError: an implementation is missing
  at scala.Predef$.$qmark$qmark$qmark(Predef.scala:344)
  at cs671.polynomials.S.$times(Polynomial.scala:80)
  at cs671.polynomials.S.$at$at(Polynomial.scala:85)
  at cs671.polynomials.S.$at$at(Polynomial.scala:85)
  at cs671.polynomials.S.$at$at(Polynomial.scala:85)
  at grading.PolynomialSuite.p4$lzycompute(PolynomialSuite.scala:33)
  at grading.PolynomialSuite.p4(PolynomialSuite.scala:33)
  at grading.PolynomialSuite.$anonfun$new$26(PolynomialSuite.scala:137)
  at org.scalatest.OutcomeOf.outcomeOf(OutcomeOf.scala:85)
  at org.scalatest.OutcomeOf.outcomeOf$(OutcomeOf.scala:83)
  ...
- * zero 6 *** FAILED *** (0 milliseconds)
  scala.NotImplementedError: an implementation is missing
  at scala.Predef$.$qmark$qmark$qmark(Predef.scala:344)
  at cs671.polynomials.S.$times(Polynomial.scala:80)
  at cs671.polynomials.S.$at$at(Polynomial.scala:85)
  at cs671.polynomials.S.$at$at(Polynomial.scala:85)
  at cs671.polynomials.S.$at$at(Polynomial.scala:85)
  at grading.PolynomialSuite.p4$lzycompute(PolynomialSuite.scala:33)
  at grading.PolynomialSuite.p4(PolynomialSuite.scala:33)
  at grading.PolynomialSuite.$anonfun$new$27(PolynomialSuite.scala:141)
  at org.scalatest.OutcomeOf.outcomeOf(OutcomeOf.scala:85)
  at org.scalatest.OutcomeOf.outcomeOf$(OutcomeOf.scala:83)
  ...
- + 1 (1 millisecond)
- + 2 *** FAILED *** (1 millisecond)
  scala.NotImplementedError: an implementation is missing
  at scala.Predef$.$qmark$qmark$qmark(Predef.scala:344)
  at cs671.polynomials.S.$plus(Polynomial.scala:70)
  at grading.PolynomialSuite.$anonfun$new$29(PolynomialSuite.scala:149)
  at org.scalatest.OutcomeOf.outcomeOf(OutcomeOf.scala:85)
  at org.scalatest.OutcomeOf.outcomeOf$(OutcomeOf.scala:83)
  at org.scalatest.OutcomeOf$.outcomeOf(OutcomeOf.scala:104)
  at org.scalatest.Transformer.apply(Transformer.scala:22)
  at org.scalatest.Transformer.apply(Transformer.scala:20)
  at org.scalatest.funsuite.AnyFunSuiteLike$$anon$1.apply(AnyFunSuiteLike.scala:190)
  at edu.unh.cs.mc.grading.RunnerFactory$$anon$1.$anonfun$apply$1(RunnerFactory.scala:33)
  ...
- + 3 *** FAILED *** (0 milliseconds)
  scala.MatchError: S(0,C(1)) (of class cs671.polynomials.S)
  at cs671.polynomials.C.$plus(Polynomial.scala:27)
  at grading.PolynomialSuite.$anonfun$new$30(PolynomialSuite.scala:153)
  at org.scalatest.OutcomeOf.outcomeOf(OutcomeOf.scala:85)
  at org.scalatest.OutcomeOf.outcomeOf$(OutcomeOf.scala:83)
  at org.scalatest.OutcomeOf$.outcomeOf(OutcomeOf.scala:104)
  at org.scalatest.Transformer.apply(Transformer.scala:22)
  at org.scalatest.Transformer.apply(Transformer.scala:20)
  at org.scalatest.funsuite.AnyFunSuiteLike$$anon$1.apply(AnyFunSuiteLike.scala:190)
  at edu.unh.cs.mc.grading.RunnerFactory$$anon$1.$anonfun$apply$1(RunnerFactory.scala:33)
  at java.base/java.lang.Thread.run(Thread.java:832)
  ...
- + 4 *** FAILED *** (1 millisecond)
  scala.MatchError: S(0,C(1)) (of class cs671.polynomials.S)
  at cs671.polynomials.C.$plus(Polynomial.scala:27)
  at grading.PolynomialSuite.$anonfun$new$31(PolynomialSuite.scala:157)
  at org.scalatest.OutcomeOf.outcomeOf(OutcomeOf.scala:85)
  at org.scalatest.OutcomeOf.outcomeOf$(OutcomeOf.scala:83)
  at org.scalatest.OutcomeOf$.outcomeOf(OutcomeOf.scala:104)
  at org.scalatest.Transformer.apply(Transformer.scala:22)
  at org.scalatest.Transformer.apply(Transformer.scala:20)
  at org.scalatest.funsuite.AnyFunSuiteLike$$anon$1.apply(AnyFunSuiteLike.scala:190)
  at edu.unh.cs.mc.grading.RunnerFactory$$anon$1.$anonfun$apply$1(RunnerFactory.scala:33)
  at java.base/java.lang.Thread.run(Thread.java:832)
  ...
- + 5 *** FAILED *** (1 millisecond)
  scala.NotImplementedError: an implementation is missing
  at scala.Predef$.$qmark$qmark$qmark(Predef.scala:344)
  at cs671.polynomials.S.$times(Polynomial.scala:81)
  at cs671.polynomials.package$PolynomialIntWrapper$.$times$extension(package.scala:22)
  at grading.PolynomialSuite.p3$lzycompute(PolynomialSuite.scala:32)
  at grading.PolynomialSuite.p3(PolynomialSuite.scala:32)
  at grading.PolynomialSuite.$anonfun$new$32(PolynomialSuite.scala:161)
  at org.scalatest.OutcomeOf.outcomeOf(OutcomeOf.scala:85)
  at org.scalatest.OutcomeOf.outcomeOf$(OutcomeOf.scala:83)
  at org.scalatest.OutcomeOf$.outcomeOf(OutcomeOf.scala:104)
  at org.scalatest.Transformer.apply(Transformer.scala:22)
  ...
- + 6 *** FAILED *** (0 milliseconds)
  scala.NotImplementedError: an implementation is missing
  at scala.Predef$.$qmark$qmark$qmark(Predef.scala:344)
  at cs671.polynomials.S.$times(Polynomial.scala:81)
  at cs671.polynomials.package$PolynomialIntWrapper$.$times$extension(package.scala:22)
  at grading.PolynomialSuite.p3$lzycompute(PolynomialSuite.scala:32)
  at grading.PolynomialSuite.p3(PolynomialSuite.scala:32)
  at grading.PolynomialSuite.$anonfun$new$33(PolynomialSuite.scala:165)
  at org.scalatest.OutcomeOf.outcomeOf(OutcomeOf.scala:85)
  at org.scalatest.OutcomeOf.outcomeOf$(OutcomeOf.scala:83)
  at org.scalatest.OutcomeOf$.outcomeOf(OutcomeOf.scala:104)
  at org.scalatest.Transformer.apply(Transformer.scala:22)
  ...
- + 7 *** FAILED *** (0 milliseconds)
  scala.NotImplementedError: an implementation is missing
  at scala.Predef$.$qmark$qmark$qmark(Predef.scala:344)
  at cs671.polynomials.S.$times(Polynomial.scala:80)
  at cs671.polynomials.S.$at$at(Polynomial.scala:85)
  at cs671.polynomials.S.$at$at(Polynomial.scala:85)
  at grading.PolynomialSuite.$anonfun$new$34(PolynomialSuite.scala:169)
  at org.scalatest.OutcomeOf.outcomeOf(OutcomeOf.scala:85)
  at org.scalatest.OutcomeOf.outcomeOf$(OutcomeOf.scala:83)
  at org.scalatest.OutcomeOf$.outcomeOf(OutcomeOf.scala:104)
  at org.scalatest.Transformer.apply(Transformer.scala:22)
  at org.scalatest.Transformer.apply(Transformer.scala:20)
  ...
- - 1 *** FAILED *** (1 millisecond)
  scala.NotImplementedError: an implementation is missing
  at scala.Predef$.$qmark$qmark$qmark(Predef.scala:344)
  at cs671.polynomials.S.$plus(Polynomial.scala:70)
  at cs671.polynomials.S.$minus(Polynomial.scala:75)
  at grading.PolynomialSuite.$anonfun$new$35(PolynomialSuite.scala:173)
  at org.scalatest.OutcomeOf.outcomeOf(OutcomeOf.scala:85)
  at org.scalatest.OutcomeOf.outcomeOf$(OutcomeOf.scala:83)
  at org.scalatest.OutcomeOf$.outcomeOf(OutcomeOf.scala:104)
  at org.scalatest.Transformer.apply(Transformer.scala:22)
  at org.scalatest.Transformer.apply(Transformer.scala:20)
  at org.scalatest.funsuite.AnyFunSuiteLike$$anon$1.apply(AnyFunSuiteLike.scala:190)
  ...
- - 2 (0 milliseconds)
- - 3 *** FAILED *** (0 milliseconds)
  scala.NotImplementedError: an implementation is missing
  at scala.Predef$.$qmark$qmark$qmark(Predef.scala:344)
  at cs671.polynomials.S.$times(Polynomial.scala:81)
  at cs671.polynomials.package$PolynomialIntWrapper$.$times$extension(package.scala:22)
  at grading.PolynomialSuite.p3$lzycompute(PolynomialSuite.scala:32)
  at grading.PolynomialSuite.p3(PolynomialSuite.scala:32)
  at grading.PolynomialSuite.$anonfun$new$37(PolynomialSuite.scala:181)
  at org.scalatest.OutcomeOf.outcomeOf(OutcomeOf.scala:85)
  at org.scalatest.OutcomeOf.outcomeOf$(OutcomeOf.scala:83)
  at org.scalatest.OutcomeOf$.outcomeOf(OutcomeOf.scala:104)
  at org.scalatest.Transformer.apply(Transformer.scala:22)
  ...
- - 4 *** FAILED *** (70 milliseconds)
  scala.NotImplementedError: an implementation is missing
  at scala.Predef$.$qmark$qmark$qmark(Predef.scala:344)
  at cs671.polynomials.S.$times(Polynomial.scala:81)
  at cs671.polynomials.package$PolynomialIntWrapper$.$times$extension(package.scala:22)
  at grading.PolynomialSuite.p3$lzycompute(PolynomialSuite.scala:32)
  at grading.PolynomialSuite.p3(PolynomialSuite.scala:32)
  at grading.PolynomialSuite.$anonfun$new$38(PolynomialSuite.scala:185)
  at org.scalatest.OutcomeOf.outcomeOf(OutcomeOf.scala:85)
  at org.scalatest.OutcomeOf.outcomeOf$(OutcomeOf.scala:83)
  at org.scalatest.OutcomeOf$.outcomeOf(OutcomeOf.scala:104)
  at org.scalatest.Transformer.apply(Transformer.scala:22)
  ...
- - 5 *** FAILED *** (2 milliseconds)
  scala.NotImplementedError: an implementation is missing
  at scala.Predef$.$qmark$qmark$qmark(Predef.scala:344)
  at cs671.polynomials.S.$times(Polynomial.scala:81)
  at cs671.polynomials.package$PolynomialIntWrapper$.$times$extension(package.scala:22)
  at grading.PolynomialSuite.p3$lzycompute(PolynomialSuite.scala:32)
  at grading.PolynomialSuite.p3(PolynomialSuite.scala:32)
  at grading.PolynomialSuite.$anonfun$new$39(PolynomialSuite.scala:189)
  at org.scalatest.OutcomeOf.outcomeOf(OutcomeOf.scala:85)
  at org.scalatest.OutcomeOf.outcomeOf$(OutcomeOf.scala:83)
  at org.scalatest.OutcomeOf$.outcomeOf(OutcomeOf.scala:104)
  at org.scalatest.Transformer.apply(Transformer.scala:22)
  ...
- - 6 *** FAILED *** (2 milliseconds)
  scala.NotImplementedError: an implementation is missing
  at scala.Predef$.$qmark$qmark$qmark(Predef.scala:344)
  at cs671.polynomials.S.$times(Polynomial.scala:81)
  at cs671.polynomials.package$PolynomialIntWrapper$.$times$extension(package.scala:22)
  at grading.PolynomialSuite.p3$lzycompute(PolynomialSuite.scala:32)
  at grading.PolynomialSuite.p3(PolynomialSuite.scala:32)
  at grading.PolynomialSuite.$anonfun$new$40(PolynomialSuite.scala:193)
  at org.scalatest.OutcomeOf.outcomeOf(OutcomeOf.scala:85)
  at org.scalatest.OutcomeOf.outcomeOf$(OutcomeOf.scala:83)
  at org.scalatest.OutcomeOf$.outcomeOf(OutcomeOf.scala:104)
  at org.scalatest.Transformer.apply(Transformer.scala:22)
  ...
- - 7 *** FAILED *** (2 milliseconds)
  scala.NotImplementedError: an implementation is missing
  at scala.Predef$.$qmark$qmark$qmark(Predef.scala:344)
  at cs671.polynomials.S.$times(Polynomial.scala:80)
  at cs671.polynomials.S.$at$at(Polynomial.scala:85)
  at cs671.polynomials.S.$at$at(Polynomial.scala:85)
  at grading.PolynomialSuite.$anonfun$new$41(PolynomialSuite.scala:197)
  at org.scalatest.OutcomeOf.outcomeOf(OutcomeOf.scala:85)
  at org.scalatest.OutcomeOf.outcomeOf$(OutcomeOf.scala:83)
  at org.scalatest.OutcomeOf$.outcomeOf(OutcomeOf.scala:104)
  at org.scalatest.Transformer.apply(Transformer.scala:22)
  at org.scalatest.Transformer.apply(Transformer.scala:20)
  ...
- * 1 *** FAILED *** (1 millisecond)
  scala.NotImplementedError: an implementation is missing
  at scala.Predef$.$qmark$qmark$qmark(Predef.scala:344)
  at cs671.polynomials.S.$times(Polynomial.scala:81)
  at grading.PolynomialSuite.$anonfun$new$42(PolynomialSuite.scala:201)
  at org.scalatest.OutcomeOf.outcomeOf(OutcomeOf.scala:85)
  at org.scalatest.OutcomeOf.outcomeOf$(OutcomeOf.scala:83)
  at org.scalatest.OutcomeOf$.outcomeOf(OutcomeOf.scala:104)
  at org.scalatest.Transformer.apply(Transformer.scala:22)
  at org.scalatest.Transformer.apply(Transformer.scala:20)
  at org.scalatest.funsuite.AnyFunSuiteLike$$anon$1.apply(AnyFunSuiteLike.scala:190)
  at edu.unh.cs.mc.grading.RunnerFactory$$anon$1.$anonfun$apply$1(RunnerFactory.scala:33)
  ...
- * 2 *** FAILED *** (1 millisecond)
  scala.NotImplementedError: an implementation is missing
  at scala.Predef$.$qmark$qmark$qmark(Predef.scala:344)
  at cs671.polynomials.S.$times(Polynomial.scala:81)
  at cs671.polynomials.package$PolynomialIntWrapper$.$times$extension(package.scala:22)
  at grading.PolynomialSuite.$anonfun$new$43(PolynomialSuite.scala:205)
  at org.scalatest.OutcomeOf.outcomeOf(OutcomeOf.scala:85)
  at org.scalatest.OutcomeOf.outcomeOf$(OutcomeOf.scala:83)
  at org.scalatest.OutcomeOf$.outcomeOf(OutcomeOf.scala:104)
  at org.scalatest.Transformer.apply(Transformer.scala:22)
  at org.scalatest.Transformer.apply(Transformer.scala:20)
  at org.scalatest.funsuite.AnyFunSuiteLike$$anon$1.apply(AnyFunSuiteLike.scala:190)
  ...
- * 3 *** FAILED *** (1 millisecond)
  scala.NotImplementedError: an implementation is missing
  at scala.Predef$.$qmark$qmark$qmark(Predef.scala:344)
  at cs671.polynomials.S.$times(Polynomial.scala:81)
  at cs671.polynomials.package$PolynomialIntWrapper$.$times$extension(package.scala:22)
  at grading.PolynomialSuite.p3$lzycompute(PolynomialSuite.scala:32)
  at grading.PolynomialSuite.p3(PolynomialSuite.scala:32)
  at grading.PolynomialSuite.$anonfun$new$44(PolynomialSuite.scala:209)
  at org.scalatest.OutcomeOf.outcomeOf(OutcomeOf.scala:85)
  at org.scalatest.OutcomeOf.outcomeOf$(OutcomeOf.scala:83)
  at org.scalatest.OutcomeOf$.outcomeOf(OutcomeOf.scala:104)
  at org.scalatest.Transformer.apply(Transformer.scala:22)
  ...
- * 4 *** FAILED *** (1 millisecond)
  scala.NotImplementedError: an implementation is missing
  at scala.Predef$.$qmark$qmark$qmark(Predef.scala:344)
  at cs671.polynomials.S.$times(Polynomial.scala:81)
  at cs671.polynomials.package$PolynomialIntWrapper$.$times$extension(package.scala:22)
  at grading.PolynomialSuite.p3$lzycompute(PolynomialSuite.scala:32)
  at grading.PolynomialSuite.p3(PolynomialSuite.scala:32)
  at grading.PolynomialSuite.$anonfun$new$45(PolynomialSuite.scala:213)
  at org.scalatest.OutcomeOf.outcomeOf(OutcomeOf.scala:85)
  at org.scalatest.OutcomeOf.outcomeOf$(OutcomeOf.scala:83)
  at org.scalatest.OutcomeOf$.outcomeOf(OutcomeOf.scala:104)
  at org.scalatest.Transformer.apply(Transformer.scala:22)
  ...
- * 5 *** FAILED *** (1 millisecond)
  scala.NotImplementedError: an implementation is missing
  at scala.Predef$.$qmark$qmark$qmark(Predef.scala:344)
  at cs671.polynomials.S.$times(Polynomial.scala:80)
  at cs671.polynomials.S.$at$at(Polynomial.scala:85)
  at cs671.polynomials.S.$at$at(Polynomial.scala:85)
  at grading.PolynomialSuite.$anonfun$new$46(PolynomialSuite.scala:217)
  at org.scalatest.OutcomeOf.outcomeOf(OutcomeOf.scala:85)
  at org.scalatest.OutcomeOf.outcomeOf$(OutcomeOf.scala:83)
  at org.scalatest.OutcomeOf$.outcomeOf(OutcomeOf.scala:104)
  at org.scalatest.Transformer.apply(Transformer.scala:22)
  at org.scalatest.Transformer.apply(Transformer.scala:20)
  ...
- * 6 *** FAILED *** (1 millisecond)
  scala.NotImplementedError: an implementation is missing
  at scala.Predef$.$qmark$qmark$qmark(Predef.scala:344)
  at cs671.polynomials.S.$times(Polynomial.scala:80)
  at cs671.polynomials.S.$at$at(Polynomial.scala:85)
  at cs671.polynomials.S.$at$at(Polynomial.scala:85)
  at grading.PolynomialSuite.$anonfun$new$47(PolynomialSuite.scala:221)
  at org.scalatest.OutcomeOf.outcomeOf(OutcomeOf.scala:85)
  at org.scalatest.OutcomeOf.outcomeOf$(OutcomeOf.scala:83)
  at org.scalatest.OutcomeOf$.outcomeOf(OutcomeOf.scala:104)
  at org.scalatest.Transformer.apply(Transformer.scala:22)
  at org.scalatest.Transformer.apply(Transformer.scala:20)
  ...
- @@ 1 (1 millisecond)
- @@ 2 (1 millisecond)
- @@ 3 (0 milliseconds)
- @@ 4 *** FAILED *** (1 millisecond)
  scala.NotImplementedError: an implementation is missing
  at scala.Predef$.$qmark$qmark$qmark(Predef.scala:344)
  at cs671.polynomials.S.$times(Polynomial.scala:81)
  at cs671.polynomials.package$PolynomialIntWrapper$.$times$extension(package.scala:22)
  at grading.PolynomialSuite.p3$lzycompute(PolynomialSuite.scala:32)
  at grading.PolynomialSuite.p3(PolynomialSuite.scala:32)
  at grading.PolynomialSuite.$anonfun$new$51(PolynomialSuite.scala:237)
  at org.scalatest.OutcomeOf.outcomeOf(OutcomeOf.scala:85)
  at org.scalatest.OutcomeOf.outcomeOf$(OutcomeOf.scala:83)
  at org.scalatest.OutcomeOf$.outcomeOf(OutcomeOf.scala:104)
  at org.scalatest.Transformer.apply(Transformer.scala:22)
  ...
- @@ 5 (1 millisecond)
- @@ 6 *** FAILED *** (1 millisecond)
  scala.NotImplementedError: an implementation is missing
  at scala.Predef$.$qmark$qmark$qmark(Predef.scala:344)
  at cs671.polynomials.S.$times(Polynomial.scala:80)
  at cs671.polynomials.S.$at$at(Polynomial.scala:85)
  at grading.PolynomialSuite.$anonfun$new$53(PolynomialSuite.scala:245)
  at org.scalatest.OutcomeOf.outcomeOf(OutcomeOf.scala:85)
  at org.scalatest.OutcomeOf.outcomeOf$(OutcomeOf.scala:83)
  at org.scalatest.OutcomeOf$.outcomeOf(OutcomeOf.scala:104)
  at org.scalatest.Transformer.apply(Transformer.scala:22)
  at org.scalatest.Transformer.apply(Transformer.scala:20)
  at org.scalatest.funsuite.AnyFunSuiteLike$$anon$1.apply(AnyFunSuiteLike.scala:190)
  ...
- @@ 7 (1 millisecond)
- @@ 8 *** FAILED *** (1 millisecond)
  scala.NotImplementedError: an implementation is missing
  at scala.Predef$.$qmark$qmark$qmark(Predef.scala:344)
  at cs671.polynomials.S.$times(Polynomial.scala:81)
  at cs671.polynomials.package$PolynomialIntWrapper$.$times$extension(package.scala:22)
  at grading.PolynomialSuite.p3$lzycompute(PolynomialSuite.scala:32)
  at grading.PolynomialSuite.p3(PolynomialSuite.scala:32)
  at grading.PolynomialSuite.$anonfun$new$55(PolynomialSuite.scala:253)
  at org.scalatest.OutcomeOf.outcomeOf(OutcomeOf.scala:85)
  at org.scalatest.OutcomeOf.outcomeOf$(OutcomeOf.scala:83)
  at org.scalatest.OutcomeOf$.outcomeOf(OutcomeOf.scala:104)
  at org.scalatest.Transformer.apply(Transformer.scala:22)
  ...
- @@ 9 (1 millisecond)
- @@ 10 *** FAILED *** (1 millisecond)
  scala.NotImplementedError: an implementation is missing
  at scala.Predef$.$qmark$qmark$qmark(Predef.scala:344)
  at cs671.polynomials.S.$times(Polynomial.scala:80)
  at cs671.polynomials.S.$at$at(Polynomial.scala:85)
  at cs671.polynomials.S.$at$at(Polynomial.scala:85)
  at cs671.polynomials.S.$at$at(Polynomial.scala:85)
  at cs671.polynomials.S.$at$at(Polynomial.scala:85)
  at cs671.polynomials.S.$at$at(Polynomial.scala:85)
  at grading.PolynomialSuite.$anonfun$new$57(PolynomialSuite.scala:261)
  at org.scalatest.OutcomeOf.outcomeOf(OutcomeOf.scala:85)
  at org.scalatest.OutcomeOf.outcomeOf$(OutcomeOf.scala:83)
  ...
- @@ 11 (0 milliseconds)
- @@ 12 *** FAILED *** (74 milliseconds)
  scala.NotImplementedError: an implementation is missing
  at scala.Predef$.$qmark$qmark$qmark(Predef.scala:344)
  at cs671.polynomials.S.$times(Polynomial.scala:80)
  at cs671.polynomials.S.$at$at(Polynomial.scala:85)
  at cs671.polynomials.S.$at$at(Polynomial.scala:85)
  at cs671.polynomials.S.$at$at(Polynomial.scala:85)
  at grading.PolynomialSuite.$anonfun$new$59(PolynomialSuite.scala:269)
  at org.scalatest.OutcomeOf.outcomeOf(OutcomeOf.scala:85)
  at org.scalatest.OutcomeOf.outcomeOf$(OutcomeOf.scala:83)
  at org.scalatest.OutcomeOf$.outcomeOf(OutcomeOf.scala:104)
  at org.scalatest.Transformer.apply(Transformer.scala:22)
  ...
- @@ 13 *** FAILED *** (1 millisecond)
  scala.NotImplementedError: an implementation is missing
  at scala.Predef$.$qmark$qmark$qmark(Predef.scala:344)
  at cs671.polynomials.S.$times(Polynomial.scala:80)
  at cs671.polynomials.S.$at$at(Polynomial.scala:85)
  at cs671.polynomials.S.$at$at(Polynomial.scala:85)
  at cs671.polynomials.S.$at$at(Polynomial.scala:85)
  at grading.PolynomialSuite.$anonfun$new$60(PolynomialSuite.scala:273)
  at org.scalatest.OutcomeOf.outcomeOf(OutcomeOf.scala:85)
  at org.scalatest.OutcomeOf.outcomeOf$(OutcomeOf.scala:83)
  at org.scalatest.OutcomeOf$.outcomeOf(OutcomeOf.scala:104)
  at org.scalatest.Transformer.apply(Transformer.scala:22)
  ...
- derivative 1 (1 millisecond)
- derivative 2 (1 millisecond)
- derivative 3 *** FAILED *** (1 millisecond)
  scala.MatchError: X(C(0)) (of class cs671.polynomials.X)
  at cs671.polynomials.C.$plus(Polynomial.scala:27)
  at cs671.polynomials.S.derivative(Polynomial.scala:88)
  at grading.PolynomialSuite.$anonfun$new$63(PolynomialSuite.scala:285)
  at org.scalatest.OutcomeOf.outcomeOf(OutcomeOf.scala:85)
  at org.scalatest.OutcomeOf.outcomeOf$(OutcomeOf.scala:83)
  at org.scalatest.OutcomeOf$.outcomeOf(OutcomeOf.scala:104)
  at org.scalatest.Transformer.apply(Transformer.scala:22)
  at org.scalatest.Transformer.apply(Transformer.scala:20)
  at org.scalatest.funsuite.AnyFunSuiteLike$$anon$1.apply(AnyFunSuiteLike.scala:190)
  at edu.unh.cs.mc.grading.RunnerFactory$$anon$1.$anonfun$apply$1(RunnerFactory.scala:33)
  ...
- derivative 4 *** FAILED *** (1 millisecond)
  scala.NotImplementedError: an implementation is missing
  at scala.Predef$.$qmark$qmark$qmark(Predef.scala:344)
  at cs671.polynomials.S.$times(Polynomial.scala:81)
  at cs671.polynomials.package$PolynomialIntWrapper$.$times$extension(package.scala:22)
  at grading.PolynomialSuite.p3$lzycompute(PolynomialSuite.scala:32)
  at grading.PolynomialSuite.p3(PolynomialSuite.scala:32)
  at grading.PolynomialSuite.$anonfun$new$64(PolynomialSuite.scala:289)
  at org.scalatest.OutcomeOf.outcomeOf(OutcomeOf.scala:85)
  at org.scalatest.OutcomeOf.outcomeOf$(OutcomeOf.scala:83)
  at org.scalatest.OutcomeOf$.outcomeOf(OutcomeOf.scala:104)
  at org.scalatest.Transformer.apply(Transformer.scala:22)
  ...
- derivative 5 *** FAILED *** (1 millisecond)
  scala.NotImplementedError: an implementation is missing
  at scala.Predef$.$qmark$qmark$qmark(Predef.scala:344)
  at cs671.polynomials.S.$times(Polynomial.scala:80)
  at cs671.polynomials.S.$at$at(Polynomial.scala:85)
  at cs671.polynomials.S.$at$at(Polynomial.scala:85)
  at cs671.polynomials.S.$at$at(Polynomial.scala:85)
  at grading.PolynomialSuite.p4$lzycompute(PolynomialSuite.scala:33)
  at grading.PolynomialSuite.p4(PolynomialSuite.scala:33)
  at grading.PolynomialSuite.$anonfun$new$65(PolynomialSuite.scala:293)
  at org.scalatest.OutcomeOf.outcomeOf(OutcomeOf.scala:85)
  at org.scalatest.OutcomeOf.outcomeOf$(OutcomeOf.scala:83)
  ...
- derivative 6 *** FAILED *** (1 millisecond)
  scala.NotImplementedError: an implementation is missing
  at scala.Predef$.$qmark$qmark$qmark(Predef.scala:344)
  at cs671.polynomials.S.$times(Polynomial.scala:80)
  at cs671.polynomials.S.$at$at(Polynomial.scala:85)
  at cs671.polynomials.S.$at$at(Polynomial.scala:85)
  at cs671.polynomials.S.$at$at(Polynomial.scala:85)
  at cs671.polynomials.S.$at$at(Polynomial.scala:85)
  at cs671.polynomials.S.$at$at(Polynomial.scala:85)
  at cs671.polynomials.S.$at$at(Polynomial.scala:85)
  at cs671.polynomials.S.$at$at(Polynomial.scala:85)
  at cs671.polynomials.S.$at$at(Polynomial.scala:85)
  ...
- combined 1 *** FAILED *** (1 millisecond)
  scala.NotImplementedError: an implementation is missing
  at scala.Predef$.$qmark$qmark$qmark(Predef.scala:344)
  at cs671.polynomials.S.$times(Polynomial.scala:80)
  at cs671.polynomials.S.$at$at(Polynomial.scala:85)
  at cs671.polynomials.S.$at$at(Polynomial.scala:85)
  at grading.PolynomialSuite.$anonfun$new$67(PolynomialSuite.scala:301)
  at org.scalatest.OutcomeOf.outcomeOf(OutcomeOf.scala:85)
  at org.scalatest.OutcomeOf.outcomeOf$(OutcomeOf.scala:83)
  at org.scalatest.OutcomeOf$.outcomeOf(OutcomeOf.scala:104)
  at org.scalatest.Transformer.apply(Transformer.scala:22)
  at org.scalatest.Transformer.apply(Transformer.scala:20)
  ...
- combined 2 *** FAILED *** (1 millisecond)
  scala.NotImplementedError: an implementation is missing
  at scala.Predef$.$qmark$qmark$qmark(Predef.scala:344)
  at cs671.polynomials.S.$times(Polynomial.scala:80)
  at grading.PolynomialSuite.$anonfun$new$68(PolynomialSuite.scala:305)
  at org.scalatest.OutcomeOf.outcomeOf(OutcomeOf.scala:85)
  at org.scalatest.OutcomeOf.outcomeOf$(OutcomeOf.scala:83)
  at org.scalatest.OutcomeOf$.outcomeOf(OutcomeOf.scala:104)
  at org.scalatest.Transformer.apply(Transformer.scala:22)
  at org.scalatest.Transformer.apply(Transformer.scala:20)
  at org.scalatest.funsuite.AnyFunSuiteLike$$anon$1.apply(AnyFunSuiteLike.scala:190)
  at edu.unh.cs.mc.grading.RunnerFactory$$anon$1.$anonfun$apply$1(RunnerFactory.scala:33)
  ...
- combined 3 *** FAILED *** (1 millisecond)
  scala.NotImplementedError: an implementation is missing
  at scala.Predef$.$qmark$qmark$qmark(Predef.scala:344)
  at cs671.polynomials.S.$times(Polynomial.scala:81)
  at cs671.polynomials.package$PolynomialIntWrapper$.$times$extension(package.scala:22)
  at grading.PolynomialSuite.p3$lzycompute(PolynomialSuite.scala:32)
  at grading.PolynomialSuite.p3(PolynomialSuite.scala:32)
  at grading.PolynomialSuite.$anonfun$new$69(PolynomialSuite.scala:309)
  at org.scalatest.OutcomeOf.outcomeOf(OutcomeOf.scala:85)
  at org.scalatest.OutcomeOf.outcomeOf$(OutcomeOf.scala:83)
  at org.scalatest.OutcomeOf$.outcomeOf(OutcomeOf.scala:104)
  at org.scalatest.Transformer.apply(Transformer.scala:22)
  ...
- combined 4 *** FAILED *** (1 millisecond)
  scala.NotImplementedError: an implementation is missing
  at scala.Predef$.$qmark$qmark$qmark(Predef.scala:344)
  at cs671.polynomials.S.$times(Polynomial.scala:81)
  at cs671.polynomials.package$PolynomialIntWrapper$.$times$extension(package.scala:22)
  at grading.PolynomialSuite.p3$lzycompute(PolynomialSuite.scala:32)
  at grading.PolynomialSuite.p3(PolynomialSuite.scala:32)
  at grading.PolynomialSuite.$anonfun$new$70(PolynomialSuite.scala:314)
  at org.scalatest.OutcomeOf.outcomeOf(OutcomeOf.scala:85)
  at org.scalatest.OutcomeOf.outcomeOf$(OutcomeOf.scala:83)
  at org.scalatest.OutcomeOf$.outcomeOf(OutcomeOf.scala:104)
  at org.scalatest.Transformer.apply(Transformer.scala:22)
  ...
- combined 5 *** FAILED *** (1 millisecond)
  scala.NotImplementedError: an implementation is missing
  at scala.Predef$.$qmark$qmark$qmark(Predef.scala:344)
  at cs671.polynomials.S.$times(Polynomial.scala:81)
  at cs671.polynomials.package$PolynomialIntWrapper$.$times$extension(package.scala:22)
  at grading.PolynomialSuite.p3$lzycompute(PolynomialSuite.scala:32)
  at grading.PolynomialSuite.p3(PolynomialSuite.scala:32)
  at grading.PolynomialSuite.$anonfun$new$71(PolynomialSuite.scala:321)
  at org.scalatest.OutcomeOf.outcomeOf(OutcomeOf.scala:85)
  at org.scalatest.OutcomeOf.outcomeOf$(OutcomeOf.scala:83)
  at org.scalatest.OutcomeOf$.outcomeOf(OutcomeOf.scala:104)
  at org.scalatest.Transformer.apply(Transformer.scala:22)
  ...
- combined 6 *** FAILED *** (0 milliseconds)
  scala.NotImplementedError: an implementation is missing
  at scala.Predef$.$qmark$qmark$qmark(Predef.scala:344)
  at cs671.polynomials.S.$times(Polynomial.scala:80)
  at cs671.polynomials.S.$at$at(Polynomial.scala:85)
  at cs671.polynomials.S.$at$at(Polynomial.scala:85)
  at cs671.polynomials.S.$at$at(Polynomial.scala:85)
  at grading.PolynomialSuite.p4$lzycompute(PolynomialSuite.scala:33)
  at grading.PolynomialSuite.p4(PolynomialSuite.scala:33)
  at grading.PolynomialSuite.$anonfun$new$72(PolynomialSuite.scala:329)
  at org.scalatest.OutcomeOf.outcomeOf(OutcomeOf.scala:85)
  at org.scalatest.OutcomeOf.outcomeOf$(OutcomeOf.scala:83)
  ...
- combined 7 *** FAILED *** (0 milliseconds)
  scala.NotImplementedError: an implementation is missing
  at scala.Predef$.$qmark$qmark$qmark(Predef.scala:344)
  at cs671.polynomials.S.$times(Polynomial.scala:81)
  at cs671.polynomials.package$PolynomialIntWrapper$.$times$extension(package.scala:22)
  at grading.PolynomialSuite.p3$lzycompute(PolynomialSuite.scala:32)
  at grading.PolynomialSuite.p3(PolynomialSuite.scala:32)
  at grading.PolynomialSuite.$anonfun$new$73(PolynomialSuite.scala:336)
  at org.scalatest.OutcomeOf.outcomeOf(OutcomeOf.scala:85)
  at org.scalatest.OutcomeOf.outcomeOf$(OutcomeOf.scala:83)
  at org.scalatest.OutcomeOf$.outcomeOf(OutcomeOf.scala:104)
  at org.scalatest.Transformer.apply(Transformer.scala:22)
  ...
- combined 8 *** FAILED *** (0 milliseconds)
  scala.NotImplementedError: an implementation is missing
  at scala.Predef$.$qmark$qmark$qmark(Predef.scala:344)
  at cs671.polynomials.S.$times(Polynomial.scala:80)
  at grading.PolynomialSuite.p5$lzycompute(PolynomialSuite.scala:34)
  at grading.PolynomialSuite.p5(PolynomialSuite.scala:34)
  at grading.PolynomialSuite.$anonfun$new$74(PolynomialSuite.scala:343)
  at org.scalatest.OutcomeOf.outcomeOf(OutcomeOf.scala:85)
  at org.scalatest.OutcomeOf.outcomeOf$(OutcomeOf.scala:83)
  at org.scalatest.OutcomeOf$.outcomeOf(OutcomeOf.scala:104)
  at org.scalatest.Transformer.apply(Transformer.scala:22)
  at org.scalatest.Transformer.apply(Transformer.scala:20)
  ...
- combined 9 *** FAILED *** (0 milliseconds)
  scala.NotImplementedError: an implementation is missing
  at scala.Predef$.$qmark$qmark$qmark(Predef.scala:344)
  at cs671.polynomials.S.$times(Polynomial.scala:80)
  at grading.PolynomialSuite.p5$lzycompute(PolynomialSuite.scala:34)
  at grading.PolynomialSuite.p5(PolynomialSuite.scala:34)
  at grading.PolynomialSuite.$anonfun$new$75(PolynomialSuite.scala:347)
  at org.scalatest.OutcomeOf.outcomeOf(OutcomeOf.scala:85)
  at org.scalatest.OutcomeOf.outcomeOf$(OutcomeOf.scala:83)
  at org.scalatest.OutcomeOf$.outcomeOf(OutcomeOf.scala:104)
  at org.scalatest.Transformer.apply(Transformer.scala:22)
  at org.scalatest.Transformer.apply(Transformer.scala:20)
  ...
- combined 10 *** FAILED *** (1 millisecond)
  scala.NotImplementedError: an implementation is missing
  at scala.Predef$.$qmark$qmark$qmark(Predef.scala:344)
  at cs671.polynomials.S.$times(Polynomial.scala:80)
  at grading.PolynomialSuite.p5$lzycompute(PolynomialSuite.scala:34)
  at grading.PolynomialSuite.p5(PolynomialSuite.scala:34)
  at grading.PolynomialSuite.$anonfun$new$76(PolynomialSuite.scala:351)
  at org.scalatest.OutcomeOf.outcomeOf(OutcomeOf.scala:85)
  at org.scalatest.OutcomeOf.outcomeOf$(OutcomeOf.scala:83)
  at org.scalatest.OutcomeOf$.outcomeOf(OutcomeOf.scala:104)
  at org.scalatest.Transformer.apply(Transformer.scala:22)
  at org.scalatest.Transformer.apply(Transformer.scala:20)
  ...
- combined 11 *** FAILED *** (1 millisecond)
  scala.NotImplementedError: an implementation is missing
  at scala.Predef$.$qmark$qmark$qmark(Predef.scala:344)
  at cs671.polynomials.S.$times(Polynomial.scala:80)
  at grading.PolynomialSuite.p5$lzycompute(PolynomialSuite.scala:34)
  at grading.PolynomialSuite.p5(PolynomialSuite.scala:34)
  at grading.PolynomialSuite.$anonfun$new$77(PolynomialSuite.scala:355)
  at org.scalatest.OutcomeOf.outcomeOf(OutcomeOf.scala:85)
  at org.scalatest.OutcomeOf.outcomeOf$(OutcomeOf.scala:83)
  at org.scalatest.OutcomeOf$.outcomeOf(OutcomeOf.scala:104)
  at org.scalatest.Transformer.apply(Transformer.scala:22)
  at org.scalatest.Transformer.apply(Transformer.scala:20)
  ...
- combined 12 *** FAILED *** (1 millisecond)
  scala.NotImplementedError: an implementation is missing
  at scala.Predef$.$qmark$qmark$qmark(Predef.scala:344)
  at cs671.polynomials.S.$times(Polynomial.scala:80)
  at grading.PolynomialSuite.p5$lzycompute(PolynomialSuite.scala:34)
  at grading.PolynomialSuite.p5(PolynomialSuite.scala:34)
  at grading.PolynomialSuite.$anonfun$new$78(PolynomialSuite.scala:359)
  at org.scalatest.OutcomeOf.outcomeOf(OutcomeOf.scala:85)
  at org.scalatest.OutcomeOf.outcomeOf$(OutcomeOf.scala:83)
  at org.scalatest.OutcomeOf$.outcomeOf(OutcomeOf.scala:104)
  at org.scalatest.Transformer.apply(Transformer.scala:22)
  at org.scalatest.Transformer.apply(Transformer.scala:20)
  ...
- combined 13 *** FAILED *** (1 millisecond)
  scala.NotImplementedError: an implementation is missing
  at scala.Predef$.$qmark$qmark$qmark(Predef.scala:344)
  at cs671.polynomials.S.$times(Polynomial.scala:80)
  at grading.PolynomialSuite.p5$lzycompute(PolynomialSuite.scala:34)
  at grading.PolynomialSuite.p5(PolynomialSuite.scala:34)
  at grading.PolynomialSuite.$anonfun$new$79(PolynomialSuite.scala:363)
  at org.scalatest.OutcomeOf.outcomeOf(OutcomeOf.scala:85)
  at org.scalatest.OutcomeOf.outcomeOf$(OutcomeOf.scala:83)
  at org.scalatest.OutcomeOf$.outcomeOf(OutcomeOf.scala:104)
  at org.scalatest.Transformer.apply(Transformer.scala:22)
  at org.scalatest.Transformer.apply(Transformer.scala:20)
  ...
- combined 14 *** FAILED *** (1 millisecond)
  scala.NotImplementedError: an implementation is missing
  at scala.Predef$.$qmark$qmark$qmark(Predef.scala:344)
  at cs671.polynomials.S.$times(Polynomial.scala:80)
  at grading.PolynomialSuite.p5$lzycompute(PolynomialSuite.scala:34)
  at grading.PolynomialSuite.p5(PolynomialSuite.scala:34)
  at grading.PolynomialSuite.$anonfun$new$80(PolynomialSuite.scala:367)
  at org.scalatest.OutcomeOf.outcomeOf(OutcomeOf.scala:85)
  at org.scalatest.OutcomeOf.outcomeOf$(OutcomeOf.scala:83)
  at org.scalatest.OutcomeOf$.outcomeOf(OutcomeOf.scala:104)
  at org.scalatest.Transformer.apply(Transformer.scala:22)
  at org.scalatest.Transformer.apply(Transformer.scala:20)
  ...
- combined 15 *** FAILED *** (1 millisecond)
  scala.NotImplementedError: an implementation is missing
  at scala.Predef$.$qmark$qmark$qmark(Predef.scala:344)
  at cs671.polynomials.S.$times(Polynomial.scala:80)
  at cs671.polynomials.S.$at$at(Polynomial.scala:85)
  at cs671.polynomials.S.$at$at(Polynomial.scala:85)
  at cs671.polynomials.S.$at$at(Polynomial.scala:85)
  at cs671.polynomials.S.$at$at(Polynomial.scala:85)
  at cs671.polynomials.S.$at$at(Polynomial.scala:85)
  at cs671.polynomials.S.$at$at(Polynomial.scala:85)
  at cs671.polynomials.S.$at$at(Polynomial.scala:85)
  at cs671.polynomials.S.$at$at(Polynomial.scala:85)
  ...
- polynomials are canonical [3pts] *** FAILED *** (82 milliseconds)
  PolynomialSuite.this.isCanonical(cs671.polynomials.Polynomial.x) was false (PolynomialSuite.scala:375)
- 10000 random polynomials [5pts] *** FAILED *** (6 milliseconds)
  scala.NotImplementedError: an implementation is missing
  at scala.Predef$.$qmark$qmark$qmark(Predef.scala:344)
  at cs671.polynomials.S.$times(Polynomial.scala:80)
  at grading.RandomPolynomials.$anonfun$makeRandomPolynomial$1(RandomPolynomials.scala:18)
  at org.scalactic.TimesOnInt$Repeater.times(TimesOnInt.scala:102)
  at grading.RandomPolynomials.makeRandomPolynomial(RandomPolynomials.scala:18)
  at grading.RandomPolynomials.makeRandomPolynomial$(RandomPolynomials.scala:14)
  at grading.PolynomialSuite.makeRandomPolynomial(PolynomialSuite.scala:12)
  at grading.PolynomialSuite.$anonfun$new$84(PolynomialSuite.scala:411)
  at org.scalactic.TimesOnInt$Repeater.times(TimesOnInt.scala:102)
  at grading.PolynomialSuite.$anonfun$new$83(PolynomialSuite.scala:408)
  ...
ChangerSuite:
- 'change' on first 1000 small problems [2pts] (322 milliseconds)
- 'change' on next 4000 small problems [2pts] (813 milliseconds)
- 'change' on all remaining small problems [2pts] (950 milliseconds)
- 'change' on first 100 large problems [2pts] (525 milliseconds)
- 'change' on next 900 large problems [2pts] (6 seconds, 50 milliseconds)
- 'change' on next 4000 large problems [2pts] (27 seconds, 249 milliseconds)
- 'change' on all remaining large problems [2pts] (35 seconds, 865 milliseconds)
- 'changeBest' on first 1000 small problems [2pts] (1 second, 291 milliseconds)
- 'changeBest' on next 4000 small problems [2pts] (4 seconds, 708 milliseconds)
- 'changeBest' on all remaining small problems [2pts] (5 seconds, 919 milliseconds)
- 'changeBest' on first 100 large problems [2pts] (6 seconds, 546 milliseconds)
- 'changeBest' on next 400 large problems [2pts] (27 seconds, 554 milliseconds)
- 'changeApprox' on first 1000 small problems [2pts] (2 seconds, 904 milliseconds)
- 'changeApprox' on next 4000 small problems [2pts] (10 seconds, 860 milliseconds)
- 'changeApprox' on all remaining small problems [2pts] (13 seconds, 696 milliseconds)
- 'changeApprox' on first 100 large problems [2pts] (15 seconds, 245 milliseconds)
- 'changeApprox' on next 900 large problems [2pts] *** FAILED *** (1 minute)
  The test did not complete within the specified 1 minute time limit. (ChangerSuite.scala:114)
- 'changeApprox' on a large difference problem [2pts] (80 milliseconds)
- Empty sequences are valid (0 milliseconds)
- Zeros in lists are invalid (4 milliseconds)
- Negative numbers in lists are invalid (2 milliseconds)
- Negative targets are invalid *** FAILED *** (0 milliseconds)
  Expected exception java.lang.IllegalArgumentException to be thrown, but no exception was thrown (ChangerSuite.scala:165)
time: 221.2 seconds
grade: 49 / 100
[success] Total time: 233 s (03:53), completed Jul 22, 2021, 3:17:45 PM
